{"target": 0.7343180510262804, "params": {"factor_geo_id": 4.1099658554486975, "factor_superestructuras": 16.612196918532128, "k": 20.413438310678853}, "datetime": {"datetime": "2021-07-06 02:43:51", "elapsed": 0.0, "delta": 0.0}}
{"target": 0.7356608478802993, "params": {"factor_geo_id": 7.593054539689608, "factor_superestructuras": 15.465233566384487, "k": 21.223487725805292}, "datetime": {"datetime": "2021-07-06 03:13:39", "elapsed": 1787.743088, "delta": 1787.743088}}
{"target": 0.7356608478802993, "params": {"factor_geo_id": 6.829539282401578, "factor_superestructuras": 15.55525396361883, "k": 20.593601003152443}, "datetime": {"datetime": "2021-07-06 03:43:39", "elapsed": 3588.223341, "delta": 1800.480253}}
{"target": 0.7314406291962402, "params": {"factor_geo_id": 3.938606143306258, "factor_superestructuras": 14.242223806294625, "k": 21.47688059239794}, "datetime": {"datetime": "2021-07-06 04:14:09", "elapsed": 5418.192734, "delta": 1829.969393}}
{"target": 0.7335507385382697, "params": {"factor_geo_id": 5.206546114479766, "factor_superestructuras": 14.474929603137953, "k": 21.75987406240256}, "datetime": {"datetime": "2021-07-06 04:44:18", "elapsed": 7227.178976, "delta": 1808.986242}}
{"target": 0.735277191636294, "params": {"factor_geo_id": 6.836548921521129, "factor_superestructuras": 16.070875044487384, "k": 21.63331734435643}, "datetime": {"datetime": "2021-07-06 05:14:55", "elapsed": 9063.754233, "delta": 1836.575257}}
{"target": 0.735277191636294, "params": {"factor_geo_id": 8.0, "factor_superestructuras": 16.010310896677094, "k": 20.854641069109267}, "datetime": {"datetime": "2021-07-06 05:44:12", "elapsed": 10820.871495, "delta": 1757.117262}}
{"target": 0.735852676002302, "params": {"factor_geo_id": 8.0, "factor_superestructuras": 14.97466396912114, "k": 20.89152573477887}, "datetime": {"datetime": "2021-07-06 06:13:32", "elapsed": 12580.662756, "delta": 1759.791261}}
{"target": 0.7350853635142912, "params": {"factor_geo_id": 7.4688546773706985, "factor_superestructuras": 14.557679811447295, "k": 20.60935804240641}, "datetime": {"datetime": "2021-07-06 06:42:26", "elapsed": 14315.100902, "delta": 1734.438146}}
{"target": 0.7360445041243047, "params": {"factor_geo_id": 8.0, "factor_superestructuras": 14.59937822721468, "k": 21.145476657914084}, "datetime": {"datetime": "2021-07-06 07:11:08", "elapsed": 16037.148361, "delta": 1722.047459}}
{"target": 0.73642816036831, "params": {"factor_geo_id": 8.0, "factor_superestructuras": 14.91837110783517, "k": 21.361334942579017}, "datetime": {"datetime": "2021-07-06 07:40:08", "elapsed": 17777.273268, "delta": 1740.124907}}
{"target": 0.7356608478802993, "params": {"factor_geo_id": 7.612795059803239, "factor_superestructuras": 14.695076091400827, "k": 21.57719322724395}, "datetime": {"datetime": "2021-07-06 08:09:40", "elapsed": 19548.998544, "delta": 1771.725276}}
{"target": 0.73642816036831, "params": {"factor_geo_id": 8.0, "factor_superestructuras": 15.11933662262608, "k": 21.555607398777454}, "datetime": {"datetime": "2021-07-06 08:38:37", "elapsed": 21286.091267, "delta": 1737.092723}}
{"target": 0.7368118166123152, "params": {"factor_geo_id": 8.0, "factor_superestructuras": 14.737502144523352, "k": 21.536180153157613}, "datetime": {"datetime": "2021-07-06 09:07:22", "elapsed": 23010.747042, "delta": 1724.655775}}
{"target": 0.7375791291003261, "params": {"factor_geo_id": 8.0, "factor_superestructuras": 14.583763525708306, "k": 21.68479858214942}, "datetime": {"datetime": "2021-07-06 09:36:02", "elapsed": 24731.209022, "delta": 1720.46198}}
{"target": 0.7362363322463074, "params": {"factor_geo_id": 8.656314698520209, "factor_superestructuras": 14.43002490689326, "k": 22.0}, "datetime": {"datetime": "2021-07-06 11:16:12", "elapsed": 30740.337245, "delta": 6009.128223}}
{"target": 0.7392392392392393, "params": {"factor_geo_id": 7.927491030413092, "factor_superestructuras": 14.016287615236648, "k": 21.862430057826977}, "datetime": {"datetime": "2021-07-06 14:19:22", "elapsed": 0.0, "delta": 0.0}}
{"target": 0.7394060727394061, "params": {"factor_geo_id": 7.551775435267911, "factor_superestructuras": 14.0, "k": 22.0}, "datetime": {"datetime": "2021-07-06 15:44:38", "elapsed": 5115.924926, "delta": 5115.924926}}
{"target": 0.7380714047380714, "params": {"factor_geo_id": 6.833741812487288, "factor_superestructuras": 14.0, "k": 22.0}, "datetime": {"datetime": "2021-07-06 16:32:02", "elapsed": 7960.684496, "delta": 2844.75957}}
