{"target": 0.7389257063132194, "params": {"factor_age": 1.0, "factor_count_floors": 1.9195786742228238, "factor_foundation_type": 2.199668387926665}, "datetime": {"datetime": "2021-07-09 11:51:53", "elapsed": 2730.90116, "delta": 2730.887566}}
{"target": 0.7389257063132194, "params": {"factor_age": 1.0, "factor_count_floors": 1.9195786742228238, "factor_foundation_type": 2.199668387926665}, "datetime": {"datetime": "2021-07-09 11:51:53", "elapsed": 0.0, "delta": 0.0}}
{"target": 0.7389257063132194, "params": {"factor_age": 1.0, "factor_count_floors": 1.9195786742228238, "factor_foundation_type": 2.199668387926665}, "datetime": {"datetime": "2021-07-09 11:51:53", "elapsed": 0.0, "delta": 0.0}}
{"target": 0.7389257063132194, "params": {"factor_age": 1.0, "factor_count_floors": 1.9195786742228238, "factor_foundation_type": 2.199668387926665}, "datetime": {"datetime": "2021-07-09 11:51:53", "elapsed": 0.0, "delta": 0.0}}
{"target": 0.7389257063132194, "params": {"factor_age": 1.0, "factor_count_floors": 1.9195786742228238, "factor_foundation_type": 2.199668387926665}, "datetime": {"datetime": "2021-07-09 11:51:53", "elapsed": 0.0, "delta": 0.0}}
{"target": 0.7389257063132194, "params": {"factor_age": 1.0, "factor_count_floors": 1.9195786742228238, "factor_foundation_type": 2.199668387926665}, "datetime": {"datetime": "2021-07-09 11:51:53", "elapsed": 0.0, "delta": 0.0}}
{"target": 0.7389257063132194, "params": {"factor_age": 1.0, "factor_count_floors": 1.9195786742228238, "factor_foundation_type": 2.199668387926665}, "datetime": {"datetime": "2021-07-09 11:51:53", "elapsed": 0.0, "delta": 0.0}}
{"target": 0.7389257063132194, "params": {"factor_age": 1.0, "factor_count_floors": 1.9195786742228238, "factor_foundation_type": 2.199668387926665}, "datetime": {"datetime": "2021-07-09 11:51:53", "elapsed": 0.0, "delta": 0.0}}
{"target": 0.7389257063132194, "params": {"factor_age": 1.0, "factor_count_floors": 1.9195786742228238, "factor_foundation_type": 2.199668387926665}, "datetime": {"datetime": "2021-07-09 11:51:53", "elapsed": 0.0, "delta": 0.0}}
{"target": 0.7389257063132194, "params": {"factor_age": 1.0, "factor_count_floors": 1.9195786742228238, "factor_foundation_type": 2.199668387926665}, "datetime": {"datetime": "2021-07-09 11:51:53", "elapsed": 0.0, "delta": 0.0}}
