{"target": 0.7471543675661849, "params": {"superestructures": 1.3228208013040836}, "datetime": {"datetime": "2021-07-14 00:04:30", "elapsed": 0.0, "delta": 0.0}}
{"target": 0.747282261158716, "params": {"superestructures": 0.8141838182786583}, "datetime": {"datetime": "2021-07-14 00:48:37", "elapsed": 2647.346652, "delta": 2647.346652}}
{"target": 0.7475380483437779, "params": {"superestructures": 0.9747504649935962}, "datetime": {"datetime": "2021-07-14 01:32:18", "elapsed": 5268.885006, "delta": 2621.538354}}
{"target": 0.747282261158716, "params": {"superestructures": 1.2785260016301043}, "datetime": {"datetime": "2021-07-14 03:29:13", "elapsed": 0.0, "delta": 0.0}}
{"target": 0.7475380483437779, "params": {"superestructures": 0.7626109262828163}, "datetime": {"datetime": "2021-07-14 06:55:52", "elapsed": 0.0, "delta": 0.0}}
{"target": 0.7480496227139021, "params": {"superestructures": 0.706036013}, "datetime": {"datetime": "2021-07-14 14:13:53", "elapsed": 0.0, "delta": 0.0}}
{"target": 0.7480496227139021, "params": {"superestructures": 0.706036013}, "datetime": {"datetime": "2021-07-14 14:13:53", "elapsed": 0.000339, "delta": 0.000339}}
{"target": 0.7475380483437779, "params": {"superestructures": 0.6427297728483229}, "datetime": {"datetime": "2021-07-14 15:00:21", "elapsed": 2787.890611, "delta": 2787.890272}}
{"target": 0.7475380483437779, "params": {"superestructures": 0.6427297728483229}, "datetime": {"datetime": "2021-07-14 15:43:53", "elapsed": 0.0, "delta": 0.0}}
{"target": 0.7475380483437779, "params": {"superestructures": 0.6427297728483229}, "datetime": {"datetime": "2021-07-14 15:43:53", "elapsed": 0.000392, "delta": 0.000392}}
{"target": 0.7475380483437779, "params": {"superestructures": 0.8434380812419953}, "datetime": {"datetime": "2021-07-14 16:28:27", "elapsed": 2674.16493, "delta": 2674.164538}}
{"target": 0.7475380483437779, "params": {"superestructures": 0.8434380812419953}, "datetime": {"datetime": "2021-07-14 21:47:18", "elapsed": 0.0, "delta": 0.0}}
{"target": 0.7475380483437779, "params": {"superestructures": 0.8434380812419953}, "datetime": {"datetime": "2021-07-14 21:47:18", "elapsed": 0.001035, "delta": 0.000491}}
{"target": 0.74779383552884, "params": {"superestructures": 1.221112431710036}, "datetime": {"datetime": "2021-07-14 22:35:23", "elapsed": 2884.884033, "delta": 2884.882998}}
{"target": 0.74779383552884, "params": {"superestructures": 1.1875367718730852}, "datetime": {"datetime": "2021-07-15 00:52:26", "elapsed": 2687.228839, "delta": 2687.227193}}
{"target": 0.74779383552884, "params": {"superestructures": 1.221112431710036}, "datetime": {"datetime": "2021-07-15 00:07:39", "elapsed": 0.001646, "delta": 0.001031}}
{"target": 0.74779383552884, "params": {"superestructures": 1.1875367718730852}, "datetime": {"datetime": "2021-07-15 00:52:26", "elapsed": 2687.228839, "delta": 2687.227193}}
{"target": 0.74779383552884, "params": {"superestructures": 1.1875367718730852}, "datetime": {"datetime": "2021-07-15 02:45:22", "elapsed": 0.002249, "delta": 0.001301}}
{"target": 0.747921729121371, "params": {"superestructures": 0.6509413461099943}, "datetime": {"datetime": "2021-07-15 03:29:39", "elapsed": 2657.713573, "delta": 2657.711324}}
