{"target": 0.7611252446843237, "params": {"peso_baseline": 4.418722982360061, "peso_lgbm": 1.847955192063759, "peso_short1": 3.6931656858666138}, "datetime": {"datetime": "2021-07-28 11:59:21", "elapsed": 0.0, "delta": 0.0}}
{"target": 0.7612288520983388, "params": {"peso_baseline": 4.219716801624352, "peso_lgbm": 2.39216802199134, "peso_short1": 3.411887326897567}, "datetime": {"datetime": "2021-07-28 13:21:53", "elapsed": 4952.554518, "delta": 4952.554518}}
{"target": 0.7603501136771422, "params": {"peso_baseline": 4.790657193713024, "peso_lgbm": 1.7114425278466747, "peso_short1": 3.0707311039383702}, "datetime": {"datetime": "2021-07-28 14:42:21", "elapsed": 9780.033116, "delta": 4827.478598}}
{"target": 0.7611789681596572, "params": {"peso_baseline": 4.345625576132316, "peso_lgbm": 2.2495859005575944, "peso_short1": 3.4096593183764643}, "datetime": {"datetime": "2021-07-28 16:03:59", "elapsed": 14678.268072, "delta": 4898.234956}}
{"target": 0.760833612704436, "params": {"peso_baseline": 4.639437892618754, "peso_lgbm": 2.1159947105940367, "peso_short1": 3.2094891833959354}, "datetime": {"datetime": "2021-07-28 17:23:08", "elapsed": 19427.106471, "delta": 4748.838399}}
{"target": 0.760749190840768, "params": {"peso_baseline": 4.668134148436347, "peso_lgbm": 1.9119364092721693, "peso_short1": 3.2409416665138666}, "datetime": {"datetime": "2021-07-28 18:43:20", "elapsed": 24239.495602, "delta": 4812.389131}}
{"target": 0.7612518747116372, "params": {"peso_baseline": 4.353867943211865, "peso_lgbm": 1.978399139968495, "peso_short1": 3.923264751056289}, "datetime": {"datetime": "2021-07-28 20:25:01", "elapsed": 30340.078056, "delta": 6100.582454}}
{"target": 0.7612979219407534, "params": {"peso_baseline": 4.073835832891402, "peso_lgbm": 1.5910896220676003, "peso_short1": 3.9708730769907343}, "datetime": {"datetime": "2021-07-28 21:42:23", "elapsed": 34982.450478, "delta": 4642.372422}}
