{"target": 0.7350044762757385, "params": {"count_families": 0.02870718735984585, "position": 0.08028062355127856, "surface_condition": 0.039746058192249925}, "datetime": {"datetime": "2021-07-13 05:48:36", "elapsed": 0.0, "delta": 0.0}}
{"target": 0.7341092211280215, "params": {"count_families": 0.030313917051561563, "position": 0.03298436604456541, "surface_condition": 0.014473926411897532}, "datetime": {"datetime": "2021-07-13 06:29:10", "elapsed": 2434.094366, "delta": 2434.094366}}
{"target": 0.7337255403504285, "params": {"count_families": 0.03259488722365919, "position": 0.033286038008915976, "surface_condition": 0.004752963208517569}, "datetime": {"datetime": "2021-07-13 07:09:43", "elapsed": 4867.474335, "delta": 2433.379969}}
{"target": 0.7351323698682695, "params": {"count_families": 0.04138501101152242, "position": 0.09132640153375604, "surface_condition": 0.051564960573333554}, "datetime": {"datetime": "2021-07-13 07:50:10", "elapsed": 7293.89001, "delta": 2426.415675}}
{"target": 0.7353881570533316, "params": {"count_families": 0.02914993240108847, "position": 0.0974152551619733, "surface_condition": 0.0026881148625029663}, "datetime": {"datetime": "2021-07-13 08:30:35", "elapsed": 9718.83223, "delta": 2424.94222}}
{"target": 0.7339813275354904, "params": {"count_families": 0.013336376861938865, "position": 0.03605431646227945, "surface_condition": 0.004476166099554846}, "datetime": {"datetime": "2021-07-13 09:11:00", "elapsed": 12143.502977, "delta": 2424.670747}}
{"target": 0.7353881570533316, "params": {"count_families": 0.044489023153059616, "position": 0.04204505910893272, "surface_condition": 0.09035810665442427}, "datetime": {"datetime": "2021-07-13 09:51:28", "elapsed": 14571.885603, "delta": 2428.382626}}
{"target": 0.7352602634608006, "params": {"count_families": 0.015948228591060976, "position": 0.06529256898972405, "surface_condition": 0.025272500529023446}, "datetime": {"datetime": "2021-07-13 10:31:56", "elapsed": 17000.445925, "delta": 2428.560322}}
{"target": 0.7352602634608006, "params": {"count_families": 0.04177978466090444, "position": 0.0413749017407546, "surface_condition": 0.06591729300694926}, "datetime": {"datetime": "2021-07-13 11:12:24", "elapsed": 19428.090513, "delta": 2427.644588}}
{"target": 0.7342371147205525, "params": {"count_families": 0.02755990664329527, "position": 0.012088150564536205, "surface_condition": 0.08058985970336233}, "datetime": {"datetime": "2021-07-13 11:52:51", "elapsed": 21855.287802, "delta": 2427.197289}}
{"target": 0.7348765826832074, "params": {"count_families": 0.05, "position": 0.07375383338603474, "surface_condition": 0.08922311532817687}, "datetime": {"datetime": "2021-07-13 12:33:18", "elapsed": 24281.667353, "delta": 2426.379551}}
{"target": 0.7323187108325873, "params": {"count_families": 0.0, "position": 0.0, "surface_condition": 0.0}, "datetime": {"datetime": "2021-07-13 14:17:53", "elapsed": 0.0, "delta": 0.0}}
{"target": 0.7335976467578974, "params": {"count_families": 0.0, "position": 0.1, "surface_condition": 0.0}, "datetime": {"datetime": "2021-07-13 15:00:41", "elapsed": 2568.25304, "delta": 2568.251925}}
{"target": 0.7350044762757385, "params": {"count_families": 0.03691480886133114, "position": 0.08264320742451887, "surface_condition": 0.010879449510272313}, "datetime": {"datetime": "2021-07-14 07:00:07", "elapsed": 2654.484443, "delta": 2654.479779}}
{"target": 0.7350044762757385, "params": {"count_families": 0.03691480886133114, "position": 0.08264320742451887, "surface_condition": 0.010879449510272313}, "datetime": {"datetime": "2021-07-14 13:30:58", "elapsed": 0.0, "delta": 0.0}}
{"target": 0.7350044762757385, "params": {"count_families": 0.03691480886133114, "position": 0.08264320742451887, "surface_condition": 0.010879449510272313}, "datetime": {"datetime": "2021-07-14 13:30:58", "elapsed": 0.000799, "delta": 0.000799}}
{"target": 0.7351323698682695, "params": {"count_families": 0.030609001724801473, "position": 0.08510112443601897, "surface_condition": 0.08428620278974566}, "datetime": {"datetime": "2021-07-14 14:13:41", "elapsed": 2563.639633, "delta": 2563.638834}}
{"target": 0.7351323698682695, "params": {"count_families": 0.030609001724801473, "position": 0.08510112443601897, "surface_condition": 0.08428620278974566}, "datetime": {"datetime": "2021-07-14 15:48:16", "elapsed": 0.0, "delta": 0.0}}
{"target": 0.7351323698682695, "params": {"count_families": 0.030609001724801473, "position": 0.08510112443601897, "surface_condition": 0.08428620278974566}, "datetime": {"datetime": "2021-07-14 15:48:16", "elapsed": 0.000517, "delta": 0.000517}}
{"target": 0.7352602634608006, "params": {"count_families": 0.030529616599768383, "position": 0.08991297303523907, "surface_condition": 0.011596838297981728}, "datetime": {"datetime": "2021-07-14 16:31:42", "elapsed": 2605.395455, "delta": 2605.394938}}
{"target": 0.7353881570533316, "params": {"count_families": 0.025805063269526796, "position": 0.09684727174529291, "surface_condition": 0.03964061550504756}, "datetime": {"datetime": "2021-07-14 22:36:01", "elapsed": 2688.897975, "delta": 2688.896869}}
{"target": 0.7352602634608006, "params": {"count_families": 0.03691480886133114, "position": 0.1, "surface_condition": 0.01746216498322892}, "datetime": {"datetime": "2021-07-15 00:55:24", "elapsed": 2599.052326, "delta": 2599.048021}}
{"target": 0.7352602634608006, "params": {"count_families": 0.03691480886133114, "position": 0.1, "surface_condition": 0.01746216498322892}, "datetime": {"datetime": "2021-07-15 02:45:54", "elapsed": 0.0, "delta": 0.0}}
{"target": 0.7350044762757385, "params": {"count_families": 0.03691480886133114, "position": 0.1, "surface_condition": 0.0}, "datetime": {"datetime": "2021-07-15 03:28:42", "elapsed": 2567.670272, "delta": 2567.667476}}
