{"target": 0.7357718378309247, "params": {"age": 0.1331076390865485, "area": 0.3139710742344524, "count_floors": 1.9195786742228238, "foundation": 2.199668387926665, "geo": 7.508261370013642, "ground_floor": 1.0, "height": 0.5186702671250013, "legal_ownership": 0.12558762490941516, "other_floor": 1.0, "plan_configuration": 3.3974077335766553, "roof": 1.0, "secondary_use": 0.7726106929827516, "superestructure": 14.483312165426854}, "datetime": {"datetime": "2021-07-10 16:22:02", "elapsed": 0.0, "delta": 0.0}}
{"target": 0.7348765826832074, "params": {"age": 0.1331076390865485, "area": 0.3139710742344524, "count_floors": 1.9195786742228238, "foundation": 2.199668387926665, "geo": 7.508261370013642, "ground_floor": 1.0, "height": 0.5186702671250013, "legal_ownership": 3.3974077335766553, "other_floor": 1.0, "plan_configuration": 1.0, "roof": 1.0, "secondary_use": 0.12558762490941516, "superestructure": 7.508261370013642}, "datetime": {"datetime": "2021-07-10 16:48:12", "elapsed": 1569.864388, "delta": 1569.864388}}
{"target": 0.7350044762757385, "params": {"age": 0.1331076390865485, "area": 0.3139710742344524, "count_floors": 1.9195786742228238, "foundation": 2.199668387926665, "geo": 3.816924497, "ground_floor": 1.0, "height": 0.5186702671250013, "legal_ownership": 3.3974077335766553, "other_floor": 1.0, "plan_configuration": 1.0, "roof": 1.0, "secondary_use": 0.12558762490941516, "superestructure": 7.508261370013642}, "datetime": {"datetime": "2021-07-10 17:31:45", "elapsed": 4183.319411, "delta": 2613.455023}}
{"target": 0.7351323698682695, "params": {"age": 0.1331076390865485, "area": 0.3139710742344524, "count_floors": 1.9195786742228238, "foundation": 2.199668387926665, "geo": 7.508261370013642, "ground_floor": 1.0, "height": 0.5186702671250013, "legal_ownership": 0.12558762490941516, "other_floor": 1.0, "plan_configuration": 1.0, "roof": 1.0, "secondary_use": 0.12558762490941516, "superestructure": 7.508261370013642}, "datetime": {"datetime": "2021-07-10 17:58:24", "elapsed": 5781.355987, "delta": 1598.036576}}
{"target": 0.7351323698682695, "params": {"age": 0.1331076390865485, "area": 0.3139710742344524, "count_floors": 1.9195786742228238, "foundation": 2.199668387926665, "geo": 7.508261370013642, "ground_floor": 1.0, "height": 0.5186702671250013, "legal_ownership": 0.12558762490941516, "other_floor": 1.0, "plan_configuration": 1.0, "roof": 1.0, "secondary_use": 0.12558762490941516, "superestructure": 7.508261370013642}, "datetime": {"datetime": "2021-07-10 20:36:02", "elapsed": 0.0, "delta": 0.0}}
{"target": 0.7364113057935797, "params": {"age": 0.1331076390865485, "area": 0.3139710742344524, "count_floors": 1.9195786742228238, "foundation": 2.199668387926665, "geo": 3.816924497, "ground_floor": 1.0, "height": 0.5186702671250013, "legal_ownership": 0.12558762490941516, "other_floor": 1.0, "plan_configuration": 1.0, "roof": 1.0, "secondary_use": 0.12558762490941516, "superestructure": 7.508261370013642}, "datetime": {"datetime": "2021-07-10 21:04:02", "elapsed": 1680.26878, "delta": 1680.26878}}
{"target": 0.7341092211280215, "params": {"age": 0.1331076390865485, "area": 0.3139710742344524, "count_floors": 1.9195786742228238, "foundation": 2.199668387926665, "geo": 3.816924497, "ground_floor": 1.0, "height": 0.5186702671250013, "legal_ownership": 3.3974077335766553, "other_floor": 1.0, "plan_configuration": 3.3974077335766553, "roof": 1.0, "secondary_use": 0.12558762490941516, "superestructure": 7.508261370013642}, "datetime": {"datetime": "2021-07-10 21:32:49", "elapsed": 3406.915321, "delta": 1726.646541}}
{"target": 0.7347486890906766, "params": {"age": 0.1331076390865485, "area": 0.3139710742344524, "count_floors": 1.9195786742228238, "foundation": 2.199668387926665, "geo": 3.816924497, "ground_floor": 1.0, "height": 0.5186702671250013, "legal_ownership": 3.3974077335766553, "other_floor": 1.0, "plan_configuration": 1.0, "roof": 1.0, "secondary_use": 0.7726106929827516, "superestructure": 7.508261370013642}, "datetime": {"datetime": "2021-07-10 22:01:39", "elapsed": 5137.453497, "delta": 1730.538176}}
{"target": 0.7346207954981456, "params": {"age": 0.1331076390865485, "area": 0.3139710742344524, "count_floors": 1.9195786742228238, "foundation": 2.199668387926665, "geo": 3.816924497, "ground_floor": 1.0, "height": 0.5186702671250013, "legal_ownership": 3.3974077335766553, "other_floor": 1.0, "plan_configuration": 1.0, "roof": 1.0, "secondary_use": 0.12558762490941516, "superestructure": 14.483312165426854}, "datetime": {"datetime": "2021-07-10 22:32:38", "elapsed": 6995.823607, "delta": 1858.37011}}
