{"target": 0.7327023916101804, "params": {"age": 0.1331076390865485, "area": 0.3139710742344524, "count_floors": 1.9195786742228238, "foundation": 2.199668387926665, "geo": 7.508261370013642, "ground_floor": 1.0, "height": 0.5186702671250013, "legal_ownership": 0.12558762490941516, "other_floor": 1.0, "plan_configuration": 3.3974077335766553, "roof": 1.0, "secondary_use": 0.7726106929827516, "superestructure": 14.483312165426854}, "datetime": {"datetime": "2021-07-10 16:24:03", "elapsed": 0.0, "delta": 0.0}}
{"target": 0.7365391993861108, "params": {"age": 0.1331076390865485, "area": 0.3139710742344524, "count_floors": 1.9195786742228238, "foundation": 2.199668387926665, "geo": 7.508261370013642, "ground_floor": 1.0, "height": 0.5186702671250013, "legal_ownership": 3.3974077335766553, "other_floor": 1.0, "plan_configuration": 1.0, "roof": 1.0, "secondary_use": 0.12558762490941516, "superestructure": 7.508261370013642}, "datetime": {"datetime": "2021-07-10 16:50:19", "elapsed": 1575.582827, "delta": 1575.582827}}
{"target": 0.7371786673487658, "params": {"age": 0.1331076390865485, "area": 0.3139710742344524, "count_floors": 1.9195786742228238, "foundation": 2.199668387926665, "geo": 3.816924497, "ground_floor": 1.0, "height": 0.5186702671250013, "legal_ownership": 3.3974077335766553, "other_floor": 1.0, "plan_configuration": 1.0, "roof": 1.0, "secondary_use": 0.12558762490941516, "superestructure": 7.508261370013642}, "datetime": {"datetime": "2021-07-10 17:31:09", "elapsed": 4026.097942, "delta": 2450.515115}}
{"target": 0.7358997314234557, "params": {"age": 0.1331076390865485, "area": 0.3139710742344524, "count_floors": 1.9195786742228238, "foundation": 2.199668387926665, "geo": 7.508261370013642, "ground_floor": 1.0, "height": 0.5186702671250013, "legal_ownership": 0.12558762490941516, "other_floor": 1.0, "plan_configuration": 1.0, "roof": 1.0, "secondary_use": 0.12558762490941516, "superestructure": 7.508261370013642}, "datetime": {"datetime": "2021-07-10 17:57:17", "elapsed": 5593.336687, "delta": 1567.238745}}
{"target": 0.7358997314234557, "params": {"age": 0.1331076390865485, "area": 0.3139710742344524, "count_floors": 1.9195786742228238, "foundation": 2.199668387926665, "geo": 7.508261370013642, "ground_floor": 1.0, "height": 0.5186702671250013, "legal_ownership": 0.12558762490941516, "other_floor": 1.0, "plan_configuration": 1.0, "roof": 1.0, "secondary_use": 0.12558762490941516, "superestructure": 7.508261370013642}, "datetime": {"datetime": "2021-07-10 20:36:47", "elapsed": 0.0, "delta": 0.0}}
{"target": 0.7369228801637038, "params": {"age": 0.1331076390865485, "area": 0.3139710742344524, "count_floors": 1.9195786742228238, "foundation": 2.199668387926665, "geo": 3.816924497, "ground_floor": 1.0, "height": 0.5186702671250013, "legal_ownership": 3.3974077335766553, "other_floor": 1.0, "plan_configuration": 1.0, "roof": 1.0, "secondary_use": 0.12558762490941516, "superestructure": 14.483312165426854}, "datetime": {"datetime": "2021-07-10 21:09:08", "elapsed": 1941.004088, "delta": 1941.004088}}
{"target": 0.7367949865711728, "params": {"age": 0.1331076390865485, "area": 0.3139710742344524, "count_floors": 1.9195786742228238, "foundation": 2.199668387926665, "geo": 3.816924497, "ground_floor": 1.0, "height": 0.5186702671250013, "legal_ownership": 0.12558762490941516, "other_floor": 1.0, "plan_configuration": 1.0, "roof": 1.0, "secondary_use": 0.12558762490941516, "superestructure": 7.508261370013642}, "datetime": {"datetime": "2021-07-10 21:38:54", "elapsed": 3727.115066, "delta": 1786.110978}}
