{"target": 0.738201816089014, "params": {"age": 0.1331076390865485, "area": 0.3139710742344524, "count_floors": 1.9195786742228238, "foundation": 2.199668387926665, "geo": 7.508261370013642, "ground_floor": 1.0, "height": 0.5186702671250013, "legal_ownership": 0.12558762490941516, "other_floor": 1.0, "plan_configuration": 1.0, "roof": 1.0, "secondary_use": 0.12558762490941516, "superestructure": 7.508261370013642}, "datetime": {"datetime": "2021-07-10 20:36:20", "elapsed": 0.0, "delta": 0.0}}
{"target": 0.7375623481263589, "params": {"age": 0.1331076390865485, "area": 0.3139710742344524, "count_floors": 1.9195786742228238, "foundation": 2.199668387926665, "geo": 3.816924497, "ground_floor": 1.0, "height": 0.5186702671250013, "legal_ownership": 3.3974077335766553, "other_floor": 1.0, "plan_configuration": 1.0, "roof": 1.0, "secondary_use": 0.12558762490941516, "superestructure": 14.483312165426854}, "datetime": {"datetime": "2021-07-10 21:07:22", "elapsed": 1862.74706, "delta": 1862.74706}}
{"target": 0.739352858421793, "params": {"age": 0.1331076390865485, "area": 0.3139710742344524, "count_floors": 1.9195786742228238, "foundation": 2.199668387926665, "geo": 3.816924497, "ground_floor": 1.0, "height": 0.5186702671250013, "legal_ownership": 0.12558762490941516, "other_floor": 1.0, "plan_configuration": 1.0, "roof": 1.0, "secondary_use": 0.12558762490941516, "superestructure": 7.508261370013642}, "datetime": {"datetime": "2021-07-10 21:36:10", "elapsed": 3590.121039, "delta": 1727.373979}}
{"target": 0.739352858421793, "params": {"age": 0.1331076390865485, "area": 0.3139710742344524, "count_floors": 1.9195786742228238, "foundation": 2.199668387926665, "geo": 3.816924497, "ground_floor": 1.0, "height": 0.5186702671250013, "legal_ownership": 3.3974077335766553, "other_floor": 1.0, "plan_configuration": 3.3974077335766553, "roof": 1.0, "secondary_use": 0.12558762490941516, "superestructure": 7.508261370013642}, "datetime": {"datetime": "2021-07-10 22:04:51", "elapsed": 5311.504917, "delta": 1721.383878}}
{"target": 0.7401202199769793, "params": {"age": 0.1331076390865485, "area": 0.3139710742344524, "count_floors": 1.9195786742228238, "foundation": 2.199668387926665, "geo": 3.816924497, "ground_floor": 1.0, "height": 0.5186702671250013, "legal_ownership": 3.3974077335766553, "other_floor": 1.0, "plan_configuration": 1.0, "roof": 1.0, "secondary_use": 0.7726106929827516, "superestructure": 7.508261370013642}, "datetime": {"datetime": "2021-07-10 22:33:29", "elapsed": 7029.707909, "delta": 1718.202992}}
