{"target": 0.7315513492774012, "params": {"age": 0.1331076390865485, "area": 0.3139710742344524, "count_floors": 1.9195786742228238, "foundation": 2.199668387926665, "geo": 7.508261370013642, "ground_floor": 1.0, "height": 0.5186702671250013, "legal_ownership": 0.12558762490941516, "other_floor": 1.0, "plan_configuration": 1.0, "roof": 1.0, "secondary_use": 0.12558762490941516, "superestructure": 7.508261370013642}, "datetime": {"datetime": "2021-07-10 20:35:01", "elapsed": 0.0, "delta": 0.0}}
{"target": 0.7315513492774012, "params": {"age": 0.1331076390865485, "area": 0.3139710742344524, "count_floors": 1.9195786742228238, "foundation": 2.199668387926665, "geo": 7.508261370013642, "ground_floor": 1.0, "height": 0.5186702671250013, "legal_ownership": 0.12558762490941516, "other_floor": 1.0, "plan_configuration": 1.0, "roof": 1.0, "secondary_use": 0.12558762490941516, "superestructure": 7.508261370013642}, "datetime": {"datetime": "2021-07-10 20:35:14", "elapsed": 12.206431, "delta": 12.206431}}
{"target": 0.7315513492774012, "params": {"age": 0.1331076390865485, "area": 0.3139710742344524, "count_floors": 1.9195786742228238, "foundation": 2.199668387926665, "geo": 7.508261370013642, "ground_floor": 1.0, "height": 0.5186702671250013, "legal_ownership": 0.12558762490941516, "other_floor": 1.0, "plan_configuration": 1.0, "roof": 1.0, "secondary_use": 0.12558762490941516, "superestructure": 7.508261370013642}, "datetime": {"datetime": "2021-07-10 20:35:20", "elapsed": 18.589359, "delta": 6.382928}}
{"target": 0.7356439442383936, "params": {"age": 0.1331076390865485, "area": 0.3139710742344524, "count_floors": 1.9195786742228238, "foundation": 2.199668387926665, "geo": 3.816924497, "ground_floor": 1.0, "height": 0.5186702671250013, "legal_ownership": 0.12558762490941516, "other_floor": 1.0, "plan_configuration": 1.0, "roof": 1.0, "secondary_use": 0.12558762490941516, "superestructure": 7.508261370013642}, "datetime": {"datetime": "2021-07-10 21:05:17", "elapsed": 1816.065791, "delta": 1797.476432}}
{"target": 0.7358997314234557, "params": {"age": 0.1331076390865485, "area": 0.3139710742344524, "count_floors": 1.9195786742228238, "foundation": 2.199668387926665, "geo": 3.816924497, "ground_floor": 1.0, "height": 0.5186702671250013, "legal_ownership": 3.3974077335766553, "other_floor": 1.0, "plan_configuration": 3.3974077335766553, "roof": 1.0, "secondary_use": 0.12558762490941516, "superestructure": 7.508261370013642}, "datetime": {"datetime": "2021-07-10 21:35:37", "elapsed": 3636.109794, "delta": 1820.044003}}
{"target": 0.7358997314234557, "params": {"age": 0.1331076390865485, "area": 0.3139710742344524, "count_floors": 1.9195786742228238, "foundation": 2.199668387926665, "geo": 3.816924497, "ground_floor": 1.0, "height": 0.5186702671250013, "legal_ownership": 3.3974077335766553, "other_floor": 1.0, "plan_configuration": 1.0, "roof": 1.0, "secondary_use": 0.7726106929827516, "superestructure": 7.508261370013642}, "datetime": {"datetime": "2021-07-10 22:06:07", "elapsed": 5465.956281, "delta": 1829.846487}}
{"target": 0.7352602634608006, "params": {"age": 0.1331076390865485, "area": 0.3139710742344524, "count_floors": 1.9195786742228238, "foundation": 2.199668387926665, "geo": 3.816924497, "ground_floor": 1.0, "height": 0.5186702671250013, "legal_ownership": 3.3974077335766553, "other_floor": 1.0, "plan_configuration": 1.0, "roof": 1.0, "secondary_use": 0.12558762490941516, "superestructure": 14.483312165426854}, "datetime": {"datetime": "2021-07-10 22:39:47", "elapsed": 7485.472555, "delta": 2019.516274}}
