{"target": 0.737946028903952, "params": {"superestructures": 0.8169538533326497}, "datetime": {"datetime": "2021-07-14 00:18:21", "elapsed": 0.0, "delta": 0.0}}
{"target": 0.7378181353114209, "params": {"superestructures": 1.1224419140974535}, "datetime": {"datetime": "2021-07-14 01:08:46", "elapsed": 3024.751283, "delta": 3024.751283}}
{"target": 0.738073922496483, "params": {"superestructures": 0.7626109262828163}, "datetime": {"datetime": "2021-07-14 06:54:58", "elapsed": 0.0, "delta": 0.0}}
{"target": 0.7374344545338277, "params": {"superestructures": 0.706036013}, "datetime": {"datetime": "2021-07-14 14:13:40", "elapsed": 0.0, "delta": 0.0}}
{"target": 0.7370507737562348, "params": {"superestructures": 0.6461923166658122}, "datetime": {"datetime": "2021-07-14 14:58:45", "elapsed": 2704.787917, "delta": 2704.787917}}
{"target": 0.738329709681545, "params": {"superestructures": 1.0280523926218168}, "datetime": {"datetime": "2021-07-14 15:43:45", "elapsed": 5404.998061, "delta": 2700.210144}}
{"target": 0.738457603274076, "params": {"superestructures": 0.5565199303647765}, "datetime": {"datetime": "2021-07-14 16:28:34", "elapsed": 8093.345081, "delta": 2688.34702}}
{"target": 0.738457603274076, "params": {"superestructures": 0.5565199303647765}, "datetime": {"datetime": "2021-07-14 21:38:43", "elapsed": 0.0, "delta": 0.0}}
{"target": 0.738457603274076, "params": {"superestructures": 0.5565199303647765}, "datetime": {"datetime": "2021-07-14 21:38:43", "elapsed": 0.000987, "delta": 0.000987}}
{"target": 0.738457603274076, "params": {"superestructures": 0.5565199303647765}, "datetime": {"datetime": "2021-07-14 21:38:43", "elapsed": 0.001288, "delta": 0.000301}}
{"target": 0.7376902417188899, "params": {"superestructures": 0.7937910790641257}, "datetime": {"datetime": "2021-07-14 22:23:46", "elapsed": 2703.148854, "delta": 2703.147566}}
{"target": 0.7378181353114209, "params": {"superestructures": 1.1411591620382844}, "datetime": {"datetime": "2021-07-14 23:08:42", "elapsed": 5399.076854, "delta": 2695.928}}
{"target": 0.7378181353114209, "params": {"superestructures": 1.1411591620382844}, "datetime": {"datetime": "2021-07-15 00:02:51", "elapsed": 0.0, "delta": 0.0}}
{"target": 0.7378181353114209, "params": {"superestructures": 1.1411591620382844}, "datetime": {"datetime": "2021-07-15 00:02:51", "elapsed": 0.000898, "delta": 0.000898}}
{"target": 0.7378181353114209, "params": {"superestructures": 1.1411591620382844}, "datetime": {"datetime": "2021-07-15 00:02:51", "elapsed": 0.001273, "delta": 0.000375}}
{"target": 0.7378181353114209, "params": {"superestructures": 1.1411591620382844}, "datetime": {"datetime": "2021-07-15 00:02:51", "elapsed": 0.001607, "delta": 0.000334}}
{"target": 0.7378181353114209, "params": {"superestructures": 1.1411591620382844}, "datetime": {"datetime": "2021-07-15 00:02:51", "elapsed": 0.002015, "delta": 0.000408}}
{"target": 0.738201816089014, "params": {"superestructures": 1.0883008783567036}, "datetime": {"datetime": "2021-07-15 00:49:22", "elapsed": 2790.981774, "delta": 2790.979759}}
{"target": 0.738201816089014, "params": {"superestructures": 1.391087836693222}, "datetime": {"datetime": "2021-07-15 01:35:33", "elapsed": 5562.650465, "delta": 2771.668691}}
{"target": 0.7378181353114209, "params": {"superestructures": 1.1411591620382844}, "datetime": {"datetime": "2021-07-15 00:02:51", "elapsed": 0.0, "delta": 0.0}}
{"target": 0.7378181353114209, "params": {"superestructures": 1.1411591620382844}, "datetime": {"datetime": "2021-07-15 00:02:51", "elapsed": 0.000898, "delta": 0.000898}}
{"target": 0.7378181353114209, "params": {"superestructures": 1.1411591620382844}, "datetime": {"datetime": "2021-07-15 00:02:51", "elapsed": 0.001273, "delta": 0.000375}}
{"target": 0.7378181353114209, "params": {"superestructures": 1.1411591620382844}, "datetime": {"datetime": "2021-07-15 00:02:51", "elapsed": 0.001607, "delta": 0.000334}}
{"target": 0.7378181353114209, "params": {"superestructures": 1.1411591620382844}, "datetime": {"datetime": "2021-07-15 00:02:51", "elapsed": 0.002015, "delta": 0.000408}}
{"target": 0.738201816089014, "params": {"superestructures": 1.0883008783567036}, "datetime": {"datetime": "2021-07-15 00:49:22", "elapsed": 2790.981774, "delta": 2790.979759}}
{"target": 0.738201816089014, "params": {"superestructures": 1.391087836693222}, "datetime": {"datetime": "2021-07-15 01:35:33", "elapsed": 5562.650465, "delta": 2771.668691}}
{"target": 0.738201816089014, "params": {"superestructures": 1.391087836693222}, "datetime": {"datetime": "2021-07-15 02:43:14", "elapsed": 0.002014, "delta": 0.000271}}
{"target": 0.7378181353114209, "params": {"superestructures": 0.7538358180431001}, "datetime": {"datetime": "2021-07-15 03:28:01", "elapsed": 2687.688192, "delta": 2687.686178}}
