{"target": 0.7320629236475253, "params": {"superestructures": 1.3646692150561086}, "datetime": {"datetime": "2021-07-14 00:06:50", "elapsed": 0.0, "delta": 0.0}}
{"target": 0.7328302852027113, "params": {"superestructures": 0.9793198635017235}, "datetime": {"datetime": "2021-07-14 00:52:26", "elapsed": 2736.447588, "delta": 2736.447588}}
{"target": 0.7318071364624631, "params": {"superestructures": 1.4961401067369289}, "datetime": {"datetime": "2021-07-14 01:37:25", "elapsed": 5435.034717, "delta": 2698.587129}}
{"target": 0.7316792428699322, "params": {"superestructures": 1.3308365188201359}, "datetime": {"datetime": "2021-07-14 03:30:29", "elapsed": 0.0, "delta": 0.0}}
{"target": 0.7335976467578974, "params": {"superestructures": 0.7626109262828163}, "datetime": {"datetime": "2021-07-14 06:57:51", "elapsed": 0.0, "delta": 0.0}}
{"target": 0.7339813275354904, "params": {"superestructures": 0.706036013}, "datetime": {"datetime": "2021-07-14 14:14:25", "elapsed": 0.0, "delta": 0.0}}
{"target": 0.7327023916101804, "params": {"superestructures": 0.5911014533768035}, "datetime": {"datetime": "2021-07-14 14:59:13", "elapsed": 2687.99417, "delta": 2687.993831}}
{"target": 0.7327023916101804, "params": {"superestructures": 0.5911014533768035}, "datetime": {"datetime": "2021-07-14 15:45:58", "elapsed": 0.0, "delta": 0.0}}
{"target": 0.7328302852027113, "params": {"superestructures": 0.8651340915916821}, "datetime": {"datetime": "2021-07-14 16:29:37", "elapsed": 2619.152137, "delta": 2619.152137}}
{"target": 0.7328302852027113, "params": {"superestructures": 0.8651340915916821}, "datetime": {"datetime": "2021-07-14 21:47:56", "elapsed": 0.0, "delta": 0.0}}
{"target": 0.7327023916101804, "params": {"superestructures": 1.09633781365}, "datetime": {"datetime": "2021-07-14 22:33:32", "elapsed": 2736.175211, "delta": 2736.175211}}
{"target": 0.7330860723877733, "params": {"superestructures": 0.6691898472093064}, "datetime": {"datetime": "2021-07-14 23:18:52", "elapsed": 5455.405561, "delta": 2719.23035}}
{"target": 0.7328302852027113, "params": {"superestructures": 0.8651340915916821}, "datetime": {"datetime": "2021-07-15 00:07:58", "elapsed": 0.0, "delta": 0.0}}
{"target": 0.7327023916101804, "params": {"superestructures": 1.09633781365}, "datetime": {"datetime": "2021-07-15 00:53:24", "elapsed": 2725.500356, "delta": 2725.500356}}
{"target": 0.7330860723877733, "params": {"superestructures": 0.6691898472093064}, "datetime": {"datetime": "2021-07-15 02:44:44", "elapsed": 0.0, "delta": 0.0}}
{"target": 0.7337255403504285, "params": {"superestructures": 0.7302779466000036}, "datetime": {"datetime": "2021-07-15 03:28:45", "elapsed": 2641.025938, "delta": 2641.025938}}
