{"target": 0.7424223046425374, "params": {"superestructures": 0.910088741026253}, "datetime": {"datetime": "2021-07-14 00:06:16", "elapsed": 0.0, "delta": 0.0}}
{"target": 0.7428059854201303, "params": {"superestructures": 1.2872075563266636}, "datetime": {"datetime": "2021-07-14 00:49:59", "elapsed": 2622.159671, "delta": 2622.159671}}
{"target": 0.7425501982350684, "params": {"superestructures": 1.2871860995934332}, "datetime": {"datetime": "2021-07-14 01:33:25", "elapsed": 5228.729413, "delta": 2606.569742}}
{"target": 0.7416549430873512, "params": {"superestructures": 0.6}, "datetime": {"datetime": "2021-07-14 03:38:00", "elapsed": 0.0, "delta": 0.0}}
{"target": 0.7428059854201303, "params": {"superestructures": 0.7626109262828163}, "datetime": {"datetime": "2021-07-14 04:23:38", "elapsed": 2738.576961, "delta": 2738.576961}}
