{"target": 0.7407596879396341, "params": {"superestructures": 1.416272063297118}, "datetime": {"datetime": "2021-07-14 00:16:32", "elapsed": 0.0, "delta": 0.0}}
{"target": 0.7412712623097583, "params": {"superestructures": 1.0526982802356986}, "datetime": {"datetime": "2021-07-14 01:00:56", "elapsed": 2663.993201, "delta": 2663.993201}}
{"target": 0.7415270494948203, "params": {"superestructures": 0.8542516857913054}, "datetime": {"datetime": "2021-07-14 01:45:09", "elapsed": 5316.690886, "delta": 2652.697685}}
{"target": 0.7405039007545722, "params": {"superestructures": 1.3953400791213975}, "datetime": {"datetime": "2021-07-14 03:36:42", "elapsed": 0.0, "delta": 0.0}}
{"target": 0.7412712623097583, "params": {"superestructures": 0.9408728502946231}, "datetime": {"datetime": "2021-07-14 04:21:35", "elapsed": 2692.878635, "delta": 2692.878635}}
