{"target": 0.7605880265036133, "params": {"gamma": 0.0}, "datetime": {"datetime": "2021-07-22 15:43:24", "elapsed": 0.0, "delta": 0.0}}
{"target": 0.7608144290317396, "params": {"gamma": 0.27539895128728775}, "datetime": {"datetime": "2021-07-22 16:15:27", "elapsed": 1922.48132, "delta": 1922.48132}}
{"target": 0.7608297776369352, "params": {"gamma": 0.3540739113090524}, "datetime": {"datetime": "2021-07-22 16:48:02", "elapsed": 3878.017487, "delta": 1955.536167}}
{"target": 0.7607722193367511, "params": {"gamma": 0.14545236945647216}, "datetime": {"datetime": "2021-07-22 17:20:43", "elapsed": 5838.839645, "delta": 1960.822158}}
{"target": 0.7609871068771499, "params": {"gamma": 0.2554138025988315}, "datetime": {"datetime": "2021-07-22 17:53:17", "elapsed": 7792.414221, "delta": 1953.574576}}
{"target": 0.7603616270675891, "params": {"gamma": 0.44647347717382735}, "datetime": {"datetime": "2021-07-22 18:26:13", "elapsed": 9768.789206, "delta": 1976.374985}}
{"target": 0.7607223346029504, "params": {"gamma": 0.22904086847831243}, "datetime": {"datetime": "2021-07-22 18:58:14", "elapsed": 11689.465715, "delta": 1920.676509}}
{"target": 0.7608681538616981, "params": {"gamma": 0.32633122262387904}, "datetime": {"datetime": "2021-07-22 19:30:46", "elapsed": 13641.719575, "delta": 1952.25386}}
{"target": 0.7607683835106389, "params": {"gamma": 0.10269143071845244}, "datetime": {"datetime": "2021-07-22 20:03:23", "elapsed": 15598.413981, "delta": 1956.694406}}
