{"target": 0.7591375348697075, "params": {"max_depth": 5.9191540329180174, "min_child_weight": 4.60162246721079}, "datetime": {"datetime": "2021-07-21 00:49:52", "elapsed": 0.0, "delta": 0.0}}
{"target": 0.7563631845151774, "params": {"max_depth": 3.000800623721414, "min_child_weight": 2.5116628631591986}, "datetime": {"datetime": "2021-07-21 01:00:30", "elapsed": 638.52236, "delta": 638.52236}}
{"target": 0.759237304779038, "params": {"max_depth": 6.105144270342336, "min_child_weight": 4.5435525397250665}, "datetime": {"datetime": "2021-07-21 01:21:13", "elapsed": 1881.130019, "delta": 1242.607659}}
{"target": 0.7609794327217951, "params": {"max_depth": 9.206891417237914, "min_child_weight": 6.0}, "datetime": {"datetime": "2021-07-21 01:53:13", "elapsed": 3801.506598, "delta": 1920.376579}}
{"target": 0.7599241788621377, "params": {"max_depth": 10.0, "min_child_weight": 1.0}, "datetime": {"datetime": "2021-07-21 02:30:58", "elapsed": 6065.745657, "delta": 2264.239059}}
{"target": 0.7602925604056108, "params": {"max_depth": 10.0, "min_child_weight": 4.303165494512288}, "datetime": {"datetime": "2021-07-21 03:07:56", "elapsed": 8284.621986, "delta": 2218.876329}}
{"target": 0.7605266314938596, "params": {"max_depth": 8.399244502867223, "min_child_weight": 1.1037597467970075}, "datetime": {"datetime": "2021-07-21 03:07:56", "elapsed": 8284.621986, "delta": 2218.876329}}
{"target": 0.7565051651501968, "params": {"max_depth": 3.0829932310855996, "min_child_weight": 4.513122145041171}, "datetime": {"datetime": "2021-07-21 04:34:56", "elapsed": 0.0, "delta": 0.0}}
{"target": 0.7602848821274533, "params": {"max_depth": 6.966186345073169, "min_child_weight": 1.936806702714936}, "datetime": {"datetime": "2021-07-21 04:59:34", "elapsed": 1478.707559, "delta": 1478.707559}}
{"target": 0.7578712348909958, "params": {"max_depth": 4.136888683636308, "min_child_weight": 2.5299107293825474}, "datetime": {"datetime": "2021-07-21 05:13:21", "elapsed": 2304.964402, "delta": 826.256843}}
{"target": 0.7590684642321694, "params": {"max_depth": 6.34806544408362, "min_child_weight": 2.7367081788949137}, "datetime": {"datetime": "2021-07-21 05:34:09", "elapsed": 3553.081901, "delta": 1248.117499}}
{"target": 0.7578367002348201, "params": {"max_depth": 3.6724772093228006, "min_child_weight": 3.4184904803528005}, "datetime": {"datetime": "2021-07-21 05:48:05", "elapsed": 4389.598407, "delta": 836.516506}}
{"target": 0.7602618612810612, "params": {"max_depth": 11.0, "min_child_weight": 7.499003958962513}, "datetime": {"datetime": "2021-07-21 06:30:05", "elapsed": 6909.028783, "delta": 2519.430376}}
{"target": 0.7605381470705588, "params": {"max_depth": 8.037322179034936, "min_child_weight": 8.0}, "datetime": {"datetime": "2021-07-21 06:58:26", "elapsed": 8610.698157, "delta": 1701.669374}}
{"target": 0.759367773223946, "params": {"max_depth": 5.772742404626802, "min_child_weight": 8.0}, "datetime": {"datetime": "2021-07-21 07:19:36", "elapsed": 9879.982702, "delta": 1269.284545}}
{"target": 0.7606801235827756, "params": {"max_depth": 7.700680546465326, "min_child_weight": 6.250161467915531}, "datetime": {"datetime": "2021-07-21 07:48:05", "elapsed": 11589.770872, "delta": 1709.78817}}
{"target": 0.7602925590804241, "params": {"max_depth": 8.611513530150969, "min_child_weight": 2.903161507973141}, "datetime": {"datetime": "2021-07-21 08:21:16", "elapsed": 13579.981044, "delta": 1990.210172}}
{"target": 0.7601889555536258, "params": {"max_depth": 11.0, "min_child_weight": 5.71524312750006}, "datetime": {"datetime": "2021-07-21 09:02:32", "elapsed": 16056.51578, "delta": 2476.534736}}
{"target": 0.7602925573135089, "params": {"max_depth": 9.511475275286989, "min_child_weight": 8.0}, "datetime": {"datetime": "2021-07-21 09:39:00", "elapsed": 18243.994569, "delta": 2187.478789}}
{"target": 0.7605726796653333, "params": {"max_depth": 8.515594543676112, "min_child_weight": 4.99443304527998}, "datetime": {"datetime": "2021-07-21 10:11:47", "elapsed": 20211.459129, "delta": 1967.46456}}
{"target": 0.7596785991176083, "params": {"max_depth": 11.0, "min_child_weight": 2.7012569000408044}, "datetime": {"datetime": "2021-07-21 10:53:40", "elapsed": 22724.001525, "delta": 2512.542396}}
{"target": 0.7604729103449747, "params": {"max_depth": 6.5224298019618265, "min_child_weight": 1.0053790420136504}, "datetime": {"datetime": "2021-07-21 11:18:47", "elapsed": 24231.370904, "delta": 1507.369379}}
{"target": 0.7607952444531887, "params": {"max_depth": 8.699017447090936, "min_child_weight": 6.8730408304853325}, "datetime": {"datetime": "2021-07-21 11:51:12", "elapsed": 26176.877188, "delta": 1945.506284}}
{"target": 0.7602657004937617, "params": {"max_depth": 9.901700302247482, "min_child_weight": 6.555987178275053}, "datetime": {"datetime": "2021-07-21 12:28:19", "elapsed": 28402.929107, "delta": 2226.051919}}
{"target": 0.7605458184282975, "params": {"max_depth": 8.541493606846133, "min_child_weight": 5.988372244197099}, "datetime": {"datetime": "2021-07-21 13:01:24", "elapsed": 30388.324362, "delta": 1985.395255}}
