{"target": 0.7406317943471032, "params": {"age": 0.14708585766499818, "area": 0.23924521834830162, "count_floors": 1.9413508950847183, "foundation": 2.333864124465925, "geo": 4.65746216801983, "ground_floor": 1.1118513925400193, "height": 0.4486102933394963, "legal_ownership": 0.9509991772886212, "other_floor": 0.9249145827323881, "plan_configuration": 1.0558137005879924, "roof": 0.8711687453695375, "secondary_use": 0.48423854917917675, "superestructure": 7.51656641307843}, "datetime": {"datetime": "2021-07-11 15:32:52", "elapsed": 0.0, "delta": 0.0}}
{"target": 0.7407596879396341, "params": {"age": 0.1882629177193062, "area": 0.23264264423874778, "count_floors": 1.805186043729788, "foundation": 2.2233886942332988, "geo": 3.549461403296823, "ground_floor": 0.8078646558445091, "height": 0.510236321802597, "legal_ownership": 0.34360309203554373, "other_floor": 1.1463564848630803, "plan_configuration": 0.9241783880973741, "roof": 0.9664135600426303, "secondary_use": 0.7943614443498928, "superestructure": 7.9429915545485485}, "datetime": {"datetime": "2021-07-11 16:01:47", "elapsed": 1734.874621, "delta": 1734.874621}}
{"target": 0.7410154751246962, "params": {"age": 0.16303508261235805, "area": 0.24920083772226628, "count_floors": 1.8214172793850592, "foundation": 2.373557533356038, "geo": 4.2952687641285126, "ground_floor": 1.1053995607954683, "height": 0.4791120377009811, "legal_ownership": 0.4897945257080628, "other_floor": 1.0548261616292316, "plan_configuration": 1.0805491256665067, "roof": 0.9885817944138247, "secondary_use": 0.45349755378109724, "superestructure": 7.941038037466619}, "datetime": {"datetime": "2021-07-11 16:30:47", "elapsed": 3474.692992, "delta": 1739.818371}}
{"target": 0.738073922496483, "params": {"age": 0.19107911467119168, "area": 0.30845159457848154, "count_floors": 1.8192569184859968, "foundation": 2.3272895578990505, "geo": 4.256103106044293, "ground_floor": 1.0422768945240581, "height": 0.4930517911915101, "legal_ownership": 0.23778918738211285, "other_floor": 1.1648494016097009, "plan_configuration": 1.0793723379427904, "roof": 0.9818721406867849, "secondary_use": 0.5706716890936566, "superestructure": 7.6622962043107785}, "datetime": {"datetime": "2021-07-11 16:59:22", "elapsed": 5189.778226, "delta": 1715.085234}}
{"target": 0.7419107302724133, "params": {"age": 0.14128377732965816, "area": 0.2799959501449869, "count_floors": 1.8226475583975548, "foundation": 2.3088314135377765, "geo": 4.9384514372525805, "ground_floor": 1.079668066583942, "height": 0.4755266040893181, "legal_ownership": 0.8073630462515913, "other_floor": 1.102921287156727, "plan_configuration": 0.8381115917909457, "roof": 1.0299612225224017, "secondary_use": 0.7424368142997112, "superestructure": 7.766396144779752}, "datetime": {"datetime": "2021-07-12 06:32:25", "elapsed": 0.0, "delta": 0.0}}
{"target": 0.7389691776442, "params": {"age": 0.15027854886517117, "area": 0.32079888936232925, "count_floors": 1.991928892829264, "foundation": 2.264837625060071, "geo": 4.3293259627622955, "ground_floor": 1.192925413447786, "height": 0.586343367738843, "legal_ownership": 0.7476303595681003, "other_floor": 1.0929582287689625, "plan_configuration": 1.111765378331604, "roof": 1.116911232331278, "secondary_use": 0.6053106267652771, "superestructure": 7.888117066726502}, "datetime": {"datetime": "2021-07-12 07:00:31", "elapsed": 1686.318229, "delta": 1686.318229}}
{"target": 0.7389691776442, "params": {"age": 0.15027854886517117, "area": 0.32079888936232925, "count_floors": 1.991928892829264, "foundation": 2.264837625060071, "geo": 4.3293259627622955, "ground_floor": 1.192925413447786, "height": 0.586343367738843, "legal_ownership": 0.7476303595681003, "other_floor": 1.0929582287689625, "plan_configuration": 1.111765378331604, "roof": 1.116911232331278, "secondary_use": 0.6053106267652771, "superestructure": 7.888117066726502}, "datetime": {"datetime": "2021-07-12 07:48:18", "elapsed": 0.0, "delta": 0.0}}
{"target": 0.7389691776442, "params": {"age": 0.15027854886517117, "area": 0.32079888936232925, "count_floors": 1.991928892829264, "foundation": 2.264837625060071, "geo": 4.3293259627622955, "ground_floor": 1.192925413447786, "height": 0.586343367738843, "legal_ownership": 0.7476303595681003, "other_floor": 1.0929582287689625, "plan_configuration": 1.111765378331604, "roof": 1.116911232331278, "secondary_use": 0.6053106267652771, "superestructure": 7.888117066726502}, "datetime": {"datetime": "2021-07-12 07:48:18", "elapsed": 0.001451, "delta": 0.001451}}
{"target": 0.7374344545338277, "params": {"age": 0.2, "area": 0.4, "count_floors": 2.0, "foundation": 2.4, "geo": 3.5, "ground_floor": 1.2, "height": 0.6, "legal_ownership": 0.1, "other_floor": 0.8, "plan_configuration": 1.2, "roof": 1.2, "secondary_use": 0.1, "superestructure": 8.0}, "datetime": {"datetime": "2021-07-12 08:17:42", "elapsed": 1763.82218, "delta": 1763.820729}}
{"target": 0.7374344545338277, "params": {"age": 0.2, "area": 0.4, "count_floors": 2.0, "foundation": 2.4, "geo": 3.5, "ground_floor": 1.2, "height": 0.6, "legal_ownership": 0.1, "other_floor": 0.8, "plan_configuration": 1.2, "roof": 1.2, "secondary_use": 0.1, "superestructure": 8.0}, "datetime": {"datetime": "2021-07-12 08:17:42", "elapsed": 1763.822588, "delta": 0.000408}}
{"target": 0.7374344545338277, "params": {"age": 0.2, "area": 0.4, "count_floors": 2.0, "foundation": 2.4, "geo": 3.5, "ground_floor": 1.2, "height": 0.6, "legal_ownership": 0.1, "other_floor": 0.8, "plan_configuration": 1.2, "roof": 1.2, "secondary_use": 0.1, "superestructure": 8.0}, "datetime": {"datetime": "2021-07-12 08:17:42", "elapsed": 1763.822825, "delta": 0.000237}}
{"target": 0.7374344545338277, "params": {"age": 0.2, "area": 0.4, "count_floors": 2.0, "foundation": 2.4, "geo": 3.5, "ground_floor": 1.2, "height": 0.6, "legal_ownership": 0.1, "other_floor": 0.8, "plan_configuration": 1.2, "roof": 1.2, "secondary_use": 0.1, "superestructure": 8.0}, "datetime": {"datetime": "2021-07-12 08:17:42", "elapsed": 1763.823009, "delta": 0.000184}}
{"target": 0.7374344545338277, "params": {"age": 0.2, "area": 0.4, "count_floors": 2.0, "foundation": 2.4, "geo": 3.5, "ground_floor": 1.2, "height": 0.6, "legal_ownership": 0.1, "other_floor": 0.8, "plan_configuration": 1.2, "roof": 1.2, "secondary_use": 0.1, "superestructure": 8.0}, "datetime": {"datetime": "2021-07-12 08:17:42", "elapsed": 1763.823209, "delta": 0.0002}}
{"target": 0.739224964829262, "params": {"age": 0.18170181467556185, "area": 0.3773924460222114, "count_floors": 1.884872901912561, "foundation": 2.216659486236122, "geo": 4.0959807361120655, "ground_floor": 0.8550490235945942, "height": 0.4451129159533244, "legal_ownership": 0.2692199836888215, "other_floor": 1.1174521233850605, "plan_configuration": 1.0859074466301242, "roof": 0.8321992620830869, "secondary_use": 0.7155558776030628, "superestructure": 7.943526659825737}, "datetime": {"datetime": "2021-07-12 08:46:20", "elapsed": 3481.891084, "delta": 1718.067875}}
{"target": 0.739224964829262, "params": {"age": 0.18170181467556185, "area": 0.3773924460222114, "count_floors": 1.884872901912561, "foundation": 2.216659486236122, "geo": 4.0959807361120655, "ground_floor": 0.8550490235945942, "height": 0.4451129159533244, "legal_ownership": 0.2692199836888215, "other_floor": 1.1174521233850605, "plan_configuration": 1.0859074466301242, "roof": 0.8321992620830869, "secondary_use": 0.7155558776030628, "superestructure": 7.943526659825737}, "datetime": {"datetime": "2021-07-12 17:13:21", "elapsed": 0.0, "delta": 0.0}}
{"target": 0.739224964829262, "params": {"age": 0.18170181467556185, "area": 0.3773924460222114, "count_floors": 1.884872901912561, "foundation": 2.216659486236122, "geo": 4.0959807361120655, "ground_floor": 0.8550490235945942, "height": 0.4451129159533244, "legal_ownership": 0.2692199836888215, "other_floor": 1.1174521233850605, "plan_configuration": 1.0859074466301242, "roof": 0.8321992620830869, "secondary_use": 0.7155558776030628, "superestructure": 7.943526659825737}, "datetime": {"datetime": "2021-07-12 17:13:21", "elapsed": 0.00036, "delta": 0.00036}}
{"target": 0.739224964829262, "params": {"age": 0.18170181467556185, "area": 0.3773924460222114, "count_floors": 1.884872901912561, "foundation": 2.216659486236122, "geo": 4.0959807361120655, "ground_floor": 0.8550490235945942, "height": 0.4451129159533244, "legal_ownership": 0.2692199836888215, "other_floor": 1.1174521233850605, "plan_configuration": 1.0859074466301242, "roof": 0.8321992620830869, "secondary_use": 0.7155558776030628, "superestructure": 7.943526659825737}, "datetime": {"datetime": "2021-07-12 17:13:21", "elapsed": 0.000581, "delta": 0.000221}}
{"target": 0.739224964829262, "params": {"age": 0.18170181467556185, "area": 0.3773924460222114, "count_floors": 1.884872901912561, "foundation": 2.216659486236122, "geo": 4.0959807361120655, "ground_floor": 0.8550490235945942, "height": 0.4451129159533244, "legal_ownership": 0.2692199836888215, "other_floor": 1.1174521233850605, "plan_configuration": 1.0859074466301242, "roof": 0.8321992620830869, "secondary_use": 0.7155558776030628, "superestructure": 7.943526659825737}, "datetime": {"datetime": "2021-07-12 17:13:21", "elapsed": 0.00167, "delta": 0.001089}}
{"target": 0.739224964829262, "params": {"age": 0.18170181467556185, "area": 0.3773924460222114, "count_floors": 1.884872901912561, "foundation": 2.216659486236122, "geo": 4.0959807361120655, "ground_floor": 0.8550490235945942, "height": 0.4451129159533244, "legal_ownership": 0.2692199836888215, "other_floor": 1.1174521233850605, "plan_configuration": 1.0859074466301242, "roof": 0.8321992620830869, "secondary_use": 0.7155558776030628, "superestructure": 7.943526659825737}, "datetime": {"datetime": "2021-07-12 17:13:21", "elapsed": 0.002013, "delta": 0.000343}}
{"target": 0.7396086456068551, "params": {"age": 0.14943467323331183, "area": 0.25027071588696576, "count_floors": 1.9864010388888693, "foundation": 2.235417822336231, "geo": 4.08040148821949, "ground_floor": 0.8850475639480159, "height": 0.5133419670104518, "legal_ownership": 0.7990413955051222, "other_floor": 1.111728000569695, "plan_configuration": 1.043834062595941, "roof": 1.1435668508075967, "secondary_use": 0.2625292064813336, "superestructure": 7.690692930865441}, "datetime": {"datetime": "2021-07-12 17:42:03", "elapsed": 1722.040701, "delta": 1722.038688}}
{"target": 0.7394807520143241, "params": {"age": 0.14207728991325919, "area": 0.32755946160316907, "count_floors": 1.8523853830186232, "foundation": 2.368684596250505, "geo": 4.805905762002927, "ground_floor": 0.954661398536009, "height": 0.43045308873471405, "legal_ownership": 0.38712758785071755, "other_floor": 0.9046812227914909, "plan_configuration": 0.9766272570507155, "roof": 1.0050543931313618, "secondary_use": 0.27631512956903087, "superestructure": 7.580529496720139}, "datetime": {"datetime": "2021-07-12 18:10:44", "elapsed": 3442.707994, "delta": 1720.667293}}
{"target": 0.7410154751246962, "params": {"age": 0.1755125397831892, "area": 0.2285432235080944, "count_floors": 1.9542219918755623, "foundation": 2.2853489214610865, "geo": 3.8310439130401317, "ground_floor": 0.9356487986441364, "height": 0.5561534233105337, "legal_ownership": 0.1715225258276129, "other_floor": 1.0414287336517714, "plan_configuration": 0.8826305849374843, "roof": 0.9406104098232999, "secondary_use": 0.6730026317513239, "superestructure": 7.982505040752606}, "datetime": {"datetime": "2021-07-12 23:47:38", "elapsed": 0.0, "delta": 0.0}}
{"target": 0.737946028903952, "params": {"age": 0.2, "area": 0.4, "count_floors": 1.97615039469716, "foundation": 2.4, "geo": 3.6035861076528666, "ground_floor": 1.2, "height": 0.6, "legal_ownership": 0.20732322386278004, "other_floor": 0.8980483773561201, "plan_configuration": 1.2, "roof": 1.2, "secondary_use": 0.1, "superestructure": 8.0}, "datetime": {"datetime": "2021-07-13 00:18:08", "elapsed": 1830.309946, "delta": 1830.309946}}
