{"target": 0.7361555186085177, "params": {"age": 0.13285305477484202, "area": 0.27331128231802404, "count_floors": 1.9636623846590546, "foundation": 2.2412064014124287, "geo": 4.308661863974123, "ground_floor": 0.8042659354018222, "height": 0.4310791547106543, "legal_ownership": 0.3475883851854693, "other_floor": 1.0278477114043303, "plan_configuration": 1.1647205911233456, "roof": 0.9602153496787312, "secondary_use": 0.6007479564604796, "superestructure": 7.470791754219856}, "datetime": {"datetime": "2021-07-11 15:33:35", "elapsed": 0.0, "delta": 0.0}}
{"target": 0.7343650083130835, "params": {"age": 0.10698743374340114, "area": 0.38199147616537743, "count_floors": 1.964106544000542, "foundation": 2.2259432197708837, "geo": 4.264200827981792, "ground_floor": 0.8291199809388659, "height": 0.4826759875796326, "legal_ownership": 0.4105540772533819, "other_floor": 0.9409660548414608, "plan_configuration": 1.0396080274349848, "roof": 0.9678309494864528, "secondary_use": 0.3532690728002781, "superestructure": 7.852959673991321}, "datetime": {"datetime": "2021-07-11 16:01:50", "elapsed": 1695.311565, "delta": 1695.311565}}
{"target": 0.7370507737562348, "params": {"age": 0.14128377732965816, "area": 0.2799959501449869, "count_floors": 1.8226475583975548, "foundation": 2.3088314135377765, "geo": 4.9384514372525805, "ground_floor": 1.079668066583942, "height": 0.4755266040893181, "legal_ownership": 0.8073630462515913, "other_floor": 1.102921287156727, "plan_configuration": 0.8381115917909457, "roof": 1.0299612225224017, "secondary_use": 0.7424368142997112, "superestructure": 7.766396144779752}, "datetime": {"datetime": "2021-07-11 16:30:10", "elapsed": 3395.28911, "delta": 1699.977545}}
{"target": 0.7360276250159866, "params": {"age": 0.18785006157035816, "area": 0.3663418863441015, "count_floors": 1.92674618228402, "foundation": 2.2926637671194907, "geo": 3.981093098923563, "ground_floor": 0.8773977508718147, "height": 0.5606636877290077, "legal_ownership": 0.13154260315539554, "other_floor": 0.9507541021393142, "plan_configuration": 1.035917869211694, "roof": 0.9013277508452732, "secondary_use": 0.33789360717955447, "superestructure": 7.790035089415793}, "datetime": {"datetime": "2021-07-11 16:58:18", "elapsed": 5083.267856, "delta": 1687.978746}}
{"target": 0.7361555186085177, "params": {"age": 0.15027854886517117, "area": 0.32079888936232925, "count_floors": 1.991928892829264, "foundation": 2.264837625060071, "geo": 4.3293259627622955, "ground_floor": 1.192925413447786, "height": 0.586343367738843, "legal_ownership": 0.7476303595681003, "other_floor": 1.0929582287689625, "plan_configuration": 1.111765378331604, "roof": 1.116911232331278, "secondary_use": 0.6053106267652771, "superestructure": 7.888117066726502}, "datetime": {"datetime": "2021-07-12 06:34:26", "elapsed": 0.0, "delta": 0.0}}
{"target": 0.7355160506458627, "params": {"age": 0.16303508261235805, "area": 0.24920083772226628, "count_floors": 1.8214172793850592, "foundation": 2.373557533356038, "geo": 4.2952687641285126, "ground_floor": 1.1053995607954683, "height": 0.4791120377009811, "legal_ownership": 0.4897945257080628, "other_floor": 1.0548261616292316, "plan_configuration": 1.0805491256665067, "roof": 0.9885817944138247, "secondary_use": 0.45349755378109724, "superestructure": 7.941038037466619}, "datetime": {"datetime": "2021-07-12 07:03:45", "elapsed": 1758.656501, "delta": 1758.656501}}
{"target": 0.7355160506458627, "params": {"age": 0.16303508261235805, "area": 0.24920083772226628, "count_floors": 1.8214172793850592, "foundation": 2.373557533356038, "geo": 4.2952687641285126, "ground_floor": 1.1053995607954683, "height": 0.4791120377009811, "legal_ownership": 0.4897945257080628, "other_floor": 1.0548261616292316, "plan_configuration": 1.0805491256665067, "roof": 0.9885817944138247, "secondary_use": 0.45349755378109724, "superestructure": 7.941038037466619}, "datetime": {"datetime": "2021-07-12 07:44:43", "elapsed": 0.0, "delta": 0.0}}
{"target": 0.7355160506458627, "params": {"age": 0.16303508261235805, "area": 0.24920083772226628, "count_floors": 1.8214172793850592, "foundation": 2.373557533356038, "geo": 4.2952687641285126, "ground_floor": 1.1053995607954683, "height": 0.4791120377009811, "legal_ownership": 0.4897945257080628, "other_floor": 1.0548261616292316, "plan_configuration": 1.0805491256665067, "roof": 0.9885817944138247, "secondary_use": 0.45349755378109724, "superestructure": 7.941038037466619}, "datetime": {"datetime": "2021-07-12 07:44:43", "elapsed": 0.000734, "delta": 0.000734}}
{"target": 0.7351323698682695, "params": {"age": 0.2, "area": 0.4, "count_floors": 2.0, "foundation": 2.4, "geo": 3.5, "ground_floor": 1.2, "height": 0.6, "legal_ownership": 0.1, "other_floor": 0.8, "plan_configuration": 1.2, "roof": 1.2, "secondary_use": 0.1, "superestructure": 8.0}, "datetime": {"datetime": "2021-07-12 08:13:47", "elapsed": 1743.74684, "delta": 1743.746106}}
{"target": 0.7357718378309247, "params": {"age": 0.1872704291566294, "area": 0.25625609554992673, "count_floors": 1.9905722404617534, "foundation": 2.215340580362411, "geo": 4.367203811219441, "ground_floor": 0.8168792835105437, "height": 0.4433546257008069, "legal_ownership": 0.3548948225014532, "other_floor": 0.9638153954794235, "plan_configuration": 1.1559042861658613, "roof": 0.947129305942165, "secondary_use": 0.44770799388632354, "superestructure": 7.429982164670595}, "datetime": {"datetime": "2021-07-12 08:42:02", "elapsed": 3439.122581, "delta": 1695.375741}}
{"target": 0.7351323698682695, "params": {"age": 0.1577862612226778, "area": 0.24608095845236191, "count_floors": 1.8080702255887537, "foundation": 2.3004931300577613, "geo": 4.900770089559939, "ground_floor": 1.1077580639839208, "height": 0.501220574442401, "legal_ownership": 0.8791668848388962, "other_floor": 1.0853129715166479, "plan_configuration": 0.8377350294047671, "roof": 1.0772623988526013, "secondary_use": 0.7905841822581758, "superestructure": 7.657947173198472}, "datetime": {"datetime": "2021-07-12 09:10:24", "elapsed": 5140.829593, "delta": 1701.707012}}
{"target": 0.7351323698682695, "params": {"age": 0.2, "area": 0.4, "count_floors": 1.97615039469716, "foundation": 2.4, "geo": 3.6035861076528666, "ground_floor": 1.2, "height": 0.6, "legal_ownership": 0.20732322386278004, "other_floor": 0.8980483773561201, "plan_configuration": 1.2, "roof": 1.2, "secondary_use": 0.1, "superestructure": 8.0}, "datetime": {"datetime": "2021-07-12 15:03:16", "elapsed": 0.0, "delta": 0.0}}
{"target": 0.7355160506458627, "params": {"age": 0.10944235799604601, "area": 0.3140839220815206, "count_floors": 1.802481410374922, "foundation": 2.305778457714448, "geo": 4.997197599304744, "ground_floor": 0.8526027756174723, "height": 0.5721142662401144, "legal_ownership": 0.8006882958233381, "other_floor": 0.8303471999552021, "plan_configuration": 0.9610503140050184, "roof": 0.8992183289594444, "secondary_use": 0.5997493387629752, "superestructure": 7.9456834319920695}, "datetime": {"datetime": "2021-07-12 15:28:42", "elapsed": 1526.307509, "delta": 1526.307509}}
{"target": 0.7376902417188899, "params": {"age": 0.1755125397831892, "area": 0.2285432235080944, "count_floors": 1.9542219918755623, "foundation": 2.2853489214610865, "geo": 3.8310439130401317, "ground_floor": 0.9356487986441364, "height": 0.5561534233105337, "legal_ownership": 0.1715225258276129, "other_floor": 1.0414287336517714, "plan_configuration": 0.8826305849374843, "roof": 0.9406104098232999, "secondary_use": 0.6730026317513239, "superestructure": 7.982505040752606}, "datetime": {"datetime": "2021-07-12 15:54:59", "elapsed": 3103.042803, "delta": 1576.735294}}
{"target": 0.7362834122010488, "params": {"age": 0.14906780157055066, "area": 0.23794956400190967, "count_floors": 1.9674689935553684, "foundation": 2.2878363947421665, "geo": 4.654388351750793, "ground_floor": 1.0458909637101164, "height": 0.5195313907086203, "legal_ownership": 0.5802859142857253, "other_floor": 0.8675979773872876, "plan_configuration": 1.1220925270868702, "roof": 0.8358549374127887, "secondary_use": 0.3578083046532661, "superestructure": 7.720335016285409}, "datetime": {"datetime": "2021-07-12 16:20:41", "elapsed": 4645.275488, "delta": 1542.232685}}
{"target": 0.7369228801637038, "params": {"age": 0.1608434198029895, "area": 0.3068416902495601, "count_floors": 1.9289838718621601, "foundation": 2.232526884072355, "geo": 4.923188449136801, "ground_floor": 1.1305178175385513, "height": 0.49355822963393325, "legal_ownership": 0.37551221423924197, "other_floor": 0.8634837411431854, "plan_configuration": 0.8034808707050121, "roof": 0.9409988655900223, "secondary_use": 0.25110169144100536, "superestructure": 7.652392496673996}, "datetime": {"datetime": "2021-07-12 16:45:59", "elapsed": 6162.814053, "delta": 1517.538565}}
{"target": 0.7353881570533316, "params": {"age": 0.19970562855486312, "area": 0.26705128803814954, "count_floors": 1.8144341913998596, "foundation": 2.3819631342211784, "geo": 4.463132594279876, "ground_floor": 0.8597577958902565, "height": 0.5348478991700841, "legal_ownership": 0.6435299960192672, "other_floor": 0.8140626352423224, "plan_configuration": 1.1627056533455349, "roof": 1.085977400114146, "secondary_use": 0.16855978823351336, "superestructure": 7.5207480381041165}, "datetime": {"datetime": "2021-07-12 17:11:40", "elapsed": 7704.338663, "delta": 1541.52461}}
{"target": 0.7366670929786419, "params": {"age": 0.1654032315462004, "area": 0.34369652396245265, "count_floors": 1.8380827744538581, "foundation": 2.300098841288487, "geo": 3.589835672331141, "ground_floor": 1.147488915963805, "height": 0.5964908358508014, "legal_ownership": 0.6346644418217585, "other_floor": 1.1964858454575418, "plan_configuration": 1.16500683936455, "roof": 1.142115003187451, "secondary_use": 0.4779175399760649, "superestructure": 7.89383729352072}, "datetime": {"datetime": "2021-07-12 17:38:13", "elapsed": 9297.565437, "delta": 1593.226774}}
