{"target": 0.7374344545338277, "params": {"age": 0.15027854886517117, "area": 0.32079888936232925, "count_floors": 1.991928892829264, "foundation": 2.264837625060071, "geo": 4.3293259627622955, "ground_floor": 1.192925413447786, "height": 0.586343367738843, "legal_ownership": 0.7476303595681003, "other_floor": 1.0929582287689625, "plan_configuration": 1.111765378331604, "roof": 1.116911232331278, "secondary_use": 0.6053106267652771, "superestructure": 7.888117066726502}, "datetime": {"datetime": "2021-07-11 15:34:51", "elapsed": 0.0, "delta": 0.0}}
{"target": 0.7344929019056146, "params": {"age": 0.19673898038207352, "area": 0.3846691372748945, "count_floors": 1.866922039100751, "foundation": 2.27248403839594, "geo": 3.6641999745463827, "ground_floor": 1.1162252832471098, "height": 0.5490823682156778, "legal_ownership": 0.21635557873470274, "other_floor": 0.9465574011195559, "plan_configuration": 0.8935975233832615, "roof": 1.1500580700879866, "secondary_use": 0.7949139539244662, "superestructure": 7.478850227399192}, "datetime": {"datetime": "2021-07-11 16:04:41", "elapsed": 1790.495927, "delta": 1790.495927}}
{"target": 0.7352602634608006, "params": {"age": 0.11983690466417476, "area": 0.31397724813181016, "count_floors": 1.8596467985845135, "foundation": 2.3003279573192765, "geo": 3.9765930740651747, "ground_floor": 0.9366452326320971, "height": 0.591203402650909, "legal_ownership": 0.44035808771281093, "other_floor": 1.0403671044558185, "plan_configuration": 0.8172590315979911, "roof": 1.0953829998938083, "secondary_use": 0.780747675315389, "superestructure": 7.454592837769376}, "datetime": {"datetime": "2021-07-11 16:34:16", "elapsed": 3565.43054, "delta": 1774.934613}}
{"target": 0.7341092211280215, "params": {"age": 0.1831554105685022, "area": 0.2691179748483667, "count_floors": 1.8331685509760003, "foundation": 2.313545543188037, "geo": 4.697856378548655, "ground_floor": 1.0823523941400282, "height": 0.5923388536177011, "legal_ownership": 0.7375316588493129, "other_floor": 1.058138466757917, "plan_configuration": 0.8082764593368811, "roof": 0.9914405596594023, "secondary_use": 0.22919393065712285, "superestructure": 7.762982345081639}, "datetime": {"datetime": "2021-07-11 17:02:46", "elapsed": 5275.422626, "delta": 1709.992086}}
{"target": 0.737946028903952, "params": {"age": 0.14128377732965816, "area": 0.2799959501449869, "count_floors": 1.8226475583975548, "foundation": 2.3088314135377765, "geo": 4.9384514372525805, "ground_floor": 1.079668066583942, "height": 0.4755266040893181, "legal_ownership": 0.8073630462515913, "other_floor": 1.102921287156727, "plan_configuration": 0.8381115917909457, "roof": 1.0299612225224017, "secondary_use": 0.7424368142997112, "superestructure": 7.766396144779752}, "datetime": {"datetime": "2021-07-12 06:33:55", "elapsed": 0.0, "delta": 0.0}}
{"target": 0.7357718378309247, "params": {"age": 0.16303508261235805, "area": 0.24920083772226628, "count_floors": 1.8214172793850592, "foundation": 2.373557533356038, "geo": 4.2952687641285126, "ground_floor": 1.1053995607954683, "height": 0.4791120377009811, "legal_ownership": 0.4897945257080628, "other_floor": 1.0548261616292316, "plan_configuration": 1.0805491256665067, "roof": 0.9885817944138247, "secondary_use": 0.45349755378109724, "superestructure": 7.941038037466619}, "datetime": {"datetime": "2021-07-12 07:02:36", "elapsed": 1721.799832, "delta": 1721.799832}}
{"target": 0.7357718378309247, "params": {"age": 0.16303508261235805, "area": 0.24920083772226628, "count_floors": 1.8214172793850592, "foundation": 2.373557533356038, "geo": 4.2952687641285126, "ground_floor": 1.1053995607954683, "height": 0.4791120377009811, "legal_ownership": 0.4897945257080628, "other_floor": 1.0548261616292316, "plan_configuration": 1.0805491256665067, "roof": 0.9885817944138247, "secondary_use": 0.45349755378109724, "superestructure": 7.941038037466619}, "datetime": {"datetime": "2021-07-12 07:45:25", "elapsed": 0.0, "delta": 0.0}}
{"target": 0.7357718378309247, "params": {"age": 0.16303508261235805, "area": 0.24920083772226628, "count_floors": 1.8214172793850592, "foundation": 2.373557533356038, "geo": 4.2952687641285126, "ground_floor": 1.1053995607954683, "height": 0.4791120377009811, "legal_ownership": 0.4897945257080628, "other_floor": 1.0548261616292316, "plan_configuration": 1.0805491256665067, "roof": 0.9885817944138247, "secondary_use": 0.45349755378109724, "superestructure": 7.941038037466619}, "datetime": {"datetime": "2021-07-12 07:45:25", "elapsed": 0.000696, "delta": 0.000696}}
{"target": 0.7334697531653664, "params": {"age": 0.2, "area": 0.4, "count_floors": 2.0, "foundation": 2.4, "geo": 3.5, "ground_floor": 1.2, "height": 0.6, "legal_ownership": 0.1, "other_floor": 0.8, "plan_configuration": 1.2, "roof": 1.2, "secondary_use": 0.1, "superestructure": 8.0}, "datetime": {"datetime": "2021-07-12 08:13:59", "elapsed": 1714.584578, "delta": 1714.583882}}
{"target": 0.7334697531653664, "params": {"age": 0.2, "area": 0.4, "count_floors": 2.0, "foundation": 2.4, "geo": 3.5, "ground_floor": 1.2, "height": 0.6, "legal_ownership": 0.1, "other_floor": 0.8, "plan_configuration": 1.2, "roof": 1.2, "secondary_use": 0.1, "superestructure": 8.0}, "datetime": {"datetime": "2021-07-12 08:13:59", "elapsed": 1714.584978, "delta": 0.0004}}
{"target": 0.7334697531653664, "params": {"age": 0.2, "area": 0.4, "count_floors": 2.0, "foundation": 2.4, "geo": 3.5, "ground_floor": 1.2, "height": 0.6, "legal_ownership": 0.1, "other_floor": 0.8, "plan_configuration": 1.2, "roof": 1.2, "secondary_use": 0.1, "superestructure": 8.0}, "datetime": {"datetime": "2021-07-12 08:13:59", "elapsed": 1714.585621, "delta": 0.000643}}
{"target": 0.7334697531653664, "params": {"age": 0.2, "area": 0.4, "count_floors": 2.0, "foundation": 2.4, "geo": 3.5, "ground_floor": 1.2, "height": 0.6, "legal_ownership": 0.1, "other_floor": 0.8, "plan_configuration": 1.2, "roof": 1.2, "secondary_use": 0.1, "superestructure": 8.0}, "datetime": {"datetime": "2021-07-12 08:13:59", "elapsed": 1714.585872, "delta": 0.000251}}
{"target": 0.7334697531653664, "params": {"age": 0.2, "area": 0.4, "count_floors": 2.0, "foundation": 2.4, "geo": 3.5, "ground_floor": 1.2, "height": 0.6, "legal_ownership": 0.1, "other_floor": 0.8, "plan_configuration": 1.2, "roof": 1.2, "secondary_use": 0.1, "superestructure": 8.0}, "datetime": {"datetime": "2021-07-12 08:13:59", "elapsed": 1714.586084, "delta": 0.000212}}
{"target": 0.7367949865711728, "params": {"age": 0.1267242320122114, "area": 0.29671471481092004, "count_floors": 1.8426254963322297, "foundation": 2.2835299748737947, "geo": 4.7046109430909935, "ground_floor": 1.0629513673258095, "height": 0.48319777304232914, "legal_ownership": 0.9926283666378469, "other_floor": 1.1206775173697245, "plan_configuration": 0.8675044026698892, "roof": 0.9780414776271834, "secondary_use": 0.6665711521275347, "superestructure": 7.870962586836577}, "datetime": {"datetime": "2021-07-12 08:41:39", "elapsed": 3374.848818, "delta": 1660.262734}}
{"target": 0.7356439442383936, "params": {"age": 0.13639201527622638, "area": 0.2599894576172806, "count_floors": 1.8502633968798727, "foundation": 2.321889629960089, "geo": 4.970856059306582, "ground_floor": 1.0483331277007328, "height": 0.46991068461814645, "legal_ownership": 0.9140782071923539, "other_floor": 1.1162197320504692, "plan_configuration": 0.8365899484639391, "roof": 0.9532345685941854, "secondary_use": 0.6196773751769509, "superestructure": 7.876305399542231}, "datetime": {"datetime": "2021-07-12 09:09:43", "elapsed": 5058.608462, "delta": 1683.759644}}
{"target": 0.7356439442383936, "params": {"age": 0.13639201527622638, "area": 0.2599894576172806, "count_floors": 1.8502633968798727, "foundation": 2.321889629960089, "geo": 4.970856059306582, "ground_floor": 1.0483331277007328, "height": 0.46991068461814645, "legal_ownership": 0.9140782071923539, "other_floor": 1.1162197320504692, "plan_configuration": 0.8365899484639391, "roof": 0.9532345685941854, "secondary_use": 0.6196773751769509, "superestructure": 7.876305399542231}, "datetime": {"datetime": "2021-07-12 17:10:50", "elapsed": 0.0, "delta": 0.0}}
{"target": 0.7356439442383936, "params": {"age": 0.13639201527622638, "area": 0.2599894576172806, "count_floors": 1.8502633968798727, "foundation": 2.321889629960089, "geo": 4.970856059306582, "ground_floor": 1.0483331277007328, "height": 0.46991068461814645, "legal_ownership": 0.9140782071923539, "other_floor": 1.1162197320504692, "plan_configuration": 0.8365899484639391, "roof": 0.9532345685941854, "secondary_use": 0.6196773751769509, "superestructure": 7.876305399542231}, "datetime": {"datetime": "2021-07-12 17:10:50", "elapsed": 0.001343, "delta": 0.001343}}
{"target": 0.7356439442383936, "params": {"age": 0.13639201527622638, "area": 0.2599894576172806, "count_floors": 1.8502633968798727, "foundation": 2.321889629960089, "geo": 4.970856059306582, "ground_floor": 1.0483331277007328, "height": 0.46991068461814645, "legal_ownership": 0.9140782071923539, "other_floor": 1.1162197320504692, "plan_configuration": 0.8365899484639391, "roof": 0.9532345685941854, "secondary_use": 0.6196773751769509, "superestructure": 7.876305399542231}, "datetime": {"datetime": "2021-07-12 17:10:50", "elapsed": 0.001762, "delta": 0.000419}}
{"target": 0.7356439442383936, "params": {"age": 0.13639201527622638, "area": 0.2599894576172806, "count_floors": 1.8502633968798727, "foundation": 2.321889629960089, "geo": 4.970856059306582, "ground_floor": 1.0483331277007328, "height": 0.46991068461814645, "legal_ownership": 0.9140782071923539, "other_floor": 1.1162197320504692, "plan_configuration": 0.8365899484639391, "roof": 0.9532345685941854, "secondary_use": 0.6196773751769509, "superestructure": 7.876305399542231}, "datetime": {"datetime": "2021-07-12 17:10:50", "elapsed": 0.002584, "delta": 0.000822}}
{"target": 0.7366670929786419, "params": {"age": 0.12131183587911391, "area": 0.3029297837059377, "count_floors": 1.8528320836028338, "foundation": 2.2741243646159908, "geo": 4.6132630815610565, "ground_floor": 1.0567370662298505, "height": 0.4860494695941343, "legal_ownership": 0.9980704040860804, "other_floor": 1.116805243813447, "plan_configuration": 0.884622364321067, "roof": 0.958740721980264, "secondary_use": 0.631213543535592, "superestructure": 7.909834336901598}, "datetime": {"datetime": "2021-07-12 17:40:32", "elapsed": 1781.950946, "delta": 1781.948362}}
{"target": 0.7356439442383936, "params": {"age": 0.13457354131672017, "area": 0.2525522018216586, "count_floors": 1.8618410619730539, "foundation": 2.326743918918178, "geo": 4.962008680608768, "ground_floor": 1.0366846113257677, "height": 0.46782301085039946, "legal_ownership": 0.9226368375053768, "other_floor": 1.1177297578340777, "plan_configuration": 0.8455520202589925, "roof": 0.9247120401791694, "secondary_use": 0.5733707748034064, "superestructure": 7.917163298089052}, "datetime": {"datetime": "2021-07-12 18:10:22", "elapsed": 3572.130922, "delta": 1790.179976}}
{"target": 0.7337255403504285, "params": {"age": 0.2, "area": 0.4, "count_floors": 1.97615039469716, "foundation": 2.4, "geo": 3.6035861076528666, "ground_floor": 1.2, "height": 0.6, "legal_ownership": 0.20732322386278004, "other_floor": 0.8980483773561201, "plan_configuration": 1.2, "roof": 1.2, "secondary_use": 0.1, "superestructure": 8.0}, "datetime": {"datetime": "2021-07-12 23:39:49", "elapsed": 0.0, "delta": 0.0}}
{"target": 0.7357718378309247, "params": {"age": 0.1755125397831892, "area": 0.2285432235080944, "count_floors": 1.9542219918755623, "foundation": 2.2853489214610865, "geo": 3.8310439130401317, "ground_floor": 0.9356487986441364, "height": 0.5561534233105337, "legal_ownership": 0.1715225258276129, "other_floor": 1.0414287336517714, "plan_configuration": 0.8826305849374843, "roof": 0.9406104098232999, "secondary_use": 0.6730026317513239, "superestructure": 7.982505040752606}, "datetime": {"datetime": "2021-07-13 00:08:40", "elapsed": 1730.601306, "delta": 1730.601306}}
