{"target": 0.7373065609412969, "params": {"age": 0.16175453495375255, "area": 0.2960140527212796, "count_floors": 1.9370460180905391, "foundation": 2.2601252534991896, "geo": 4.050615131900445, "ground_floor": 1.1558664625363364, "height": 0.5767806661084006, "legal_ownership": 0.37534197979858497, "other_floor": 0.9924620321891435, "plan_configuration": 1.17409345470516, "roof": 1.0639529942607773, "secondary_use": 0.2427989006039097, "superestructure": 7.7651683711157204}, "datetime": {"datetime": "2021-07-11 15:32:47", "elapsed": 0.0, "delta": 0.0}}
{"target": 0.7358997314234557, "params": {"age": 0.1118059655457504, "area": 0.31339369217626967, "count_floors": 1.9247934721242854, "foundation": 2.267677875166219, "geo": 4.455424900954119, "ground_floor": 1.1588550240359896, "height": 0.5040848948345021, "legal_ownership": 0.824674981191647, "other_floor": 1.0273462047141895, "plan_configuration": 1.0988057402109486, "roof": 1.0251510020885486, "secondary_use": 0.3063112622744497, "superestructure": 7.769484850860683}, "datetime": {"datetime": "2021-07-11 16:01:25", "elapsed": 1718.875652, "delta": 1718.875652}}
{"target": 0.7373065609412969, "params": {"age": 0.1653168653111035, "area": 0.3002822974549965, "count_floors": 1.9821108319087688, "foundation": 2.396782855091059, "geo": 3.7221010762448006, "ground_floor": 0.994856248494847, "height": 0.5476952258543356, "legal_ownership": 0.25005196837269156, "other_floor": 0.8140692974320142, "plan_configuration": 1.1937486029667599, "roof": 0.8855314560599262, "secondary_use": 0.7092367822516362, "superestructure": 7.71920772976058}, "datetime": {"datetime": "2021-07-11 16:30:33", "elapsed": 3466.350077, "delta": 1747.474425}}
{"target": 0.7366670929786419, "params": {"age": 0.13144232074537202, "area": 0.24658445375669025, "count_floors": 1.8458023067554938, "foundation": 2.3284793995628803, "geo": 3.551265198020711, "ground_floor": 0.818338482223516, "height": 0.5377063051391746, "legal_ownership": 0.5075622024602472, "other_floor": 0.9643875120487786, "plan_configuration": 1.087272728113132, "roof": 0.8363694673184522, "secondary_use": 0.7139715434506111, "superestructure": 7.693785863523246}, "datetime": {"datetime": "2021-07-11 16:59:56", "elapsed": 5229.100893, "delta": 1762.750816}}
{"target": 0.7355160506458627, "params": {"age": 0.16285134600892487, "area": 0.30168186043927786, "count_floors": 1.9047984476751092, "foundation": 2.373686091779064, "geo": 4.881208060942292, "ground_floor": 1.1328765426095384, "height": 0.5257929119694187, "legal_ownership": 0.6846433225935732, "other_floor": 1.1809645832534954, "plan_configuration": 1.1339706004501062, "roof": 1.095113695219259, "secondary_use": 0.21658596230608645, "superestructure": 7.894931131264244}, "datetime": {"datetime": "2021-07-11 17:27:56", "elapsed": 6909.4652, "delta": 1680.364307}}
{"target": 0.7402481135695101, "params": {"age": 0.2, "area": 0.4, "count_floors": 2.0, "foundation": 2.4, "geo": 3.5, "ground_floor": 1.2, "height": 0.6, "legal_ownership": 0.1, "other_floor": 0.8, "plan_configuration": 1.2, "roof": 1.2, "secondary_use": 0.1, "superestructure": 8.0}, "datetime": {"datetime": "2021-07-11 17:56:34", "elapsed": 8627.311975, "delta": 1717.846775}}
{"target": 0.7396086456068551, "params": {"age": 0.2, "area": 0.4, "count_floors": 2.0, "foundation": 2.4, "geo": 3.5, "ground_floor": 1.2, "height": 0.4, "legal_ownership": 0.5916754685032031, "other_floor": 0.8, "plan_configuration": 1.2, "roof": 1.2, "secondary_use": 0.1, "superestructure": 8.0}, "datetime": {"datetime": "2021-07-11 18:25:44", "elapsed": 10377.643945, "delta": 1750.33197}}
{"target": 0.7385854968666071, "params": {"age": 0.2, "area": 0.2, "count_floors": 2.0, "foundation": 2.4, "geo": 3.5, "ground_floor": 1.2, "height": 0.6, "legal_ownership": 0.1, "other_floor": 0.8, "plan_configuration": 0.8, "roof": 1.2, "secondary_use": 0.1, "superestructure": 8.0}, "datetime": {"datetime": "2021-07-11 18:54:48", "elapsed": 12121.667556, "delta": 1744.023611}}
{"target": 0.7399923263844481, "params": {"age": 0.2, "area": 0.4, "count_floors": 1.8, "foundation": 2.4, "geo": 3.5, "ground_floor": 1.2, "height": 0.4, "legal_ownership": 0.1, "other_floor": 1.2, "plan_configuration": 1.2, "roof": 1.2, "secondary_use": 0.1, "superestructure": 8.0}, "datetime": {"datetime": "2021-07-11 19:24:11", "elapsed": 13884.329269, "delta": 1762.661713}}
{"target": 0.738713390459138, "params": {"age": 0.2, "area": 0.4, "count_floors": 2.0, "foundation": 2.4, "geo": 3.5, "ground_floor": 1.2, "height": 0.4, "legal_ownership": 0.1, "other_floor": 0.8, "plan_configuration": 1.2, "roof": 0.8, "secondary_use": 0.1, "superestructure": 8.0}, "datetime": {"datetime": "2021-07-11 19:53:04", "elapsed": 15617.709142, "delta": 1733.379873}}
{"target": 0.7398644327919172, "params": {"age": 0.2, "area": 0.4, "count_floors": 2.0, "foundation": 2.4, "geo": 3.5, "ground_floor": 0.8, "height": 0.6, "legal_ownership": 0.1, "other_floor": 1.2, "plan_configuration": 1.2, "roof": 1.2, "secondary_use": 0.1, "superestructure": 8.0}, "datetime": {"datetime": "2021-07-11 20:21:36", "elapsed": 17329.581726, "delta": 1711.872584}}
{"target": 0.7378181353114209, "params": {"age": 0.1, "area": 0.4, "count_floors": 2.0, "foundation": 2.2, "geo": 3.5, "ground_floor": 1.2, "height": 0.6, "legal_ownership": 0.1, "other_floor": 1.2, "plan_configuration": 1.2, "roof": 1.2, "secondary_use": 0.5513561583365091, "superestructure": 8.0}, "datetime": {"datetime": "2021-07-11 20:50:33", "elapsed": 19066.794495, "delta": 1737.212769}}
{"target": 0.739352858421793, "params": {"age": 0.2, "area": 0.4, "count_floors": 1.8, "foundation": 2.4, "geo": 3.5, "ground_floor": 0.8, "height": 0.4, "legal_ownership": 0.1, "other_floor": 0.8, "plan_configuration": 1.2, "roof": 1.2, "secondary_use": 0.1, "superestructure": 8.0}, "datetime": {"datetime": "2021-07-11 21:19:27", "elapsed": 20800.82243, "delta": 1734.027935}}
{"target": 0.7397365391993861, "params": {"age": 0.2, "area": 0.4, "count_floors": 1.8, "foundation": 2.4, "geo": 3.5, "ground_floor": 1.2, "height": 0.6, "legal_ownership": 1.0, "other_floor": 1.2, "plan_configuration": 1.2, "roof": 1.2, "secondary_use": 0.1, "superestructure": 8.0}, "datetime": {"datetime": "2021-07-11 21:49:15", "elapsed": 22588.305464, "delta": 1787.483034}}
{"target": 0.7397365391993861, "params": {"age": 0.2, "area": 0.4, "count_floors": 1.8, "foundation": 2.4, "geo": 3.5, "ground_floor": 1.2, "height": 0.6, "legal_ownership": 1.0, "other_floor": 0.8, "plan_configuration": 1.2, "roof": 1.2, "secondary_use": 0.1, "superestructure": 7.4}, "datetime": {"datetime": "2021-07-11 22:17:48", "elapsed": 24301.742924, "delta": 1713.43746}}
{"target": 0.7388412840516692, "params": {"age": 0.2, "area": 0.2, "count_floors": 1.8, "foundation": 2.4, "geo": 3.5, "ground_floor": 1.2, "height": 0.6, "legal_ownership": 0.6048091044125087, "other_floor": 1.2, "plan_configuration": 1.2, "roof": 1.2, "secondary_use": 0.1, "superestructure": 7.4}, "datetime": {"datetime": "2021-07-11 22:47:01", "elapsed": 26054.538251, "delta": 1752.795327}}
{"target": 0.7398644327919172, "params": {"age": 0.2, "area": 0.4, "count_floors": 1.8, "foundation": 2.4, "geo": 3.5, "ground_floor": 0.8, "height": 0.6, "legal_ownership": 1.0, "other_floor": 0.8, "plan_configuration": 1.2, "roof": 1.2, "secondary_use": 0.1, "superestructure": 8.0}, "datetime": {"datetime": "2021-07-11 23:15:54", "elapsed": 27787.181286, "delta": 1732.643035}}
{"target": 0.7402481135695101, "params": {"age": 0.2, "area": 0.4, "count_floors": 2.0, "foundation": 2.4, "geo": 3.5, "ground_floor": 0.8, "height": 0.6, "legal_ownership": 1.0, "other_floor": 1.2, "plan_configuration": 1.2, "roof": 1.2, "secondary_use": 0.1, "superestructure": 7.513913610072205}, "datetime": {"datetime": "2021-07-11 23:44:34", "elapsed": 29507.64623, "delta": 1720.464944}}
{"target": 0.7390970712367311, "params": {"age": 0.2, "area": 0.4, "count_floors": 2.0, "foundation": 2.4, "geo": 3.5, "ground_floor": 0.8, "height": 0.6, "legal_ownership": 1.0, "other_floor": 0.8, "plan_configuration": 0.8, "roof": 1.2, "secondary_use": 0.1, "superestructure": 7.4}, "datetime": {"datetime": "2021-07-12 00:12:45", "elapsed": 31198.725086, "delta": 1691.078856}}
{"target": 0.7352602634608006, "params": {"age": 0.14128377732965816, "area": 0.2799959501449869, "count_floors": 1.8226475583975548, "foundation": 2.3088314135377765, "geo": 4.9384514372525805, "ground_floor": 1.079668066583942, "height": 0.4755266040893181, "legal_ownership": 0.8073630462515913, "other_floor": 1.102921287156727, "plan_configuration": 0.8381115917909457, "roof": 1.0299612225224017, "secondary_use": 0.7424368142997112, "superestructure": 7.766396144779752}, "datetime": {"datetime": "2021-07-12 06:31:47", "elapsed": 0.0, "delta": 0.0}}
{"target": 0.7360276250159866, "params": {"age": 0.16303508261235805, "area": 0.24920083772226628, "count_floors": 1.8214172793850592, "foundation": 2.373557533356038, "geo": 4.2952687641285126, "ground_floor": 1.1053995607954683, "height": 0.4791120377009811, "legal_ownership": 0.4897945257080628, "other_floor": 1.0548261616292316, "plan_configuration": 1.0805491256665067, "roof": 0.9885817944138247, "secondary_use": 0.45349755378109724, "superestructure": 7.941038037466619}, "datetime": {"datetime": "2021-07-12 07:00:02", "elapsed": 1694.97461, "delta": 1694.97461}}
{"target": 0.7360276250159866, "params": {"age": 0.16303508261235805, "area": 0.24920083772226628, "count_floors": 1.8214172793850592, "foundation": 2.373557533356038, "geo": 4.2952687641285126, "ground_floor": 1.1053995607954683, "height": 0.4791120377009811, "legal_ownership": 0.4897945257080628, "other_floor": 1.0548261616292316, "plan_configuration": 1.0805491256665067, "roof": 0.9885817944138247, "secondary_use": 0.45349755378109724, "superestructure": 7.941038037466619}, "datetime": {"datetime": "2021-07-12 07:00:02", "elapsed": 1694.975047, "delta": 0.000437}}
{"target": 0.7360276250159866, "params": {"age": 0.16303508261235805, "area": 0.24920083772226628, "count_floors": 1.8214172793850592, "foundation": 2.373557533356038, "geo": 4.2952687641285126, "ground_floor": 1.1053995607954683, "height": 0.4791120377009811, "legal_ownership": 0.4897945257080628, "other_floor": 1.0548261616292316, "plan_configuration": 1.0805491256665067, "roof": 0.9885817944138247, "secondary_use": 0.45349755378109724, "superestructure": 7.941038037466619}, "datetime": {"datetime": "2021-07-12 07:00:02", "elapsed": 1694.975321, "delta": 0.000274}}
{"target": 0.7376902417188899, "params": {"age": 0.15027854886517117, "area": 0.32079888936232925, "count_floors": 1.991928892829264, "foundation": 2.264837625060071, "geo": 4.3293259627622955, "ground_floor": 1.192925413447786, "height": 0.586343367738843, "legal_ownership": 0.7476303595681003, "other_floor": 1.0929582287689625, "plan_configuration": 1.111765378331604, "roof": 1.116911232331278, "secondary_use": 0.6053106267652771, "superestructure": 7.888117066726502}, "datetime": {"datetime": "2021-07-12 07:28:13", "elapsed": 3386.146057, "delta": 1691.170736}}
{"target": 0.7376902417188899, "params": {"age": 0.15027854886517117, "area": 0.32079888936232925, "count_floors": 1.991928892829264, "foundation": 2.264837625060071, "geo": 4.3293259627622955, "ground_floor": 1.192925413447786, "height": 0.586343367738843, "legal_ownership": 0.7476303595681003, "other_floor": 1.0929582287689625, "plan_configuration": 1.111765378331604, "roof": 1.116911232331278, "secondary_use": 0.6053106267652771, "superestructure": 7.888117066726502}, "datetime": {"datetime": "2021-07-12 07:28:13", "elapsed": 3386.146459, "delta": 0.000402}}
{"target": 0.7376902417188899, "params": {"age": 0.15027854886517117, "area": 0.32079888936232925, "count_floors": 1.991928892829264, "foundation": 2.264837625060071, "geo": 4.3293259627622955, "ground_floor": 1.192925413447786, "height": 0.586343367738843, "legal_ownership": 0.7476303595681003, "other_floor": 1.0929582287689625, "plan_configuration": 1.111765378331604, "roof": 1.116911232331278, "secondary_use": 0.6053106267652771, "superestructure": 7.888117066726502}, "datetime": {"datetime": "2021-07-12 07:28:13", "elapsed": 3386.146733, "delta": 0.000274}}
{"target": 0.7376902417188899, "params": {"age": 0.15027854886517117, "area": 0.32079888936232925, "count_floors": 1.991928892829264, "foundation": 2.264837625060071, "geo": 4.3293259627622955, "ground_floor": 1.192925413447786, "height": 0.586343367738843, "legal_ownership": 0.7476303595681003, "other_floor": 1.0929582287689625, "plan_configuration": 1.111765378331604, "roof": 1.116911232331278, "secondary_use": 0.6053106267652771, "superestructure": 7.888117066726502}, "datetime": {"datetime": "2021-07-12 07:28:13", "elapsed": 3386.146979, "delta": 0.000246}}
{"target": 0.7376902417188899, "params": {"age": 0.15027854886517117, "area": 0.32079888936232925, "count_floors": 1.991928892829264, "foundation": 2.264837625060071, "geo": 4.3293259627622955, "ground_floor": 1.192925413447786, "height": 0.586343367738843, "legal_ownership": 0.7476303595681003, "other_floor": 1.0929582287689625, "plan_configuration": 1.111765378331604, "roof": 1.116911232331278, "secondary_use": 0.6053106267652771, "superestructure": 7.888117066726502}, "datetime": {"datetime": "2021-07-12 07:28:13", "elapsed": 3386.147259, "delta": 0.00028}}
{"target": 0.7376902417188899, "params": {"age": 0.15027854886517117, "area": 0.32079888936232925, "count_floors": 1.991928892829264, "foundation": 2.264837625060071, "geo": 4.3293259627622955, "ground_floor": 1.192925413447786, "height": 0.586343367738843, "legal_ownership": 0.7476303595681003, "other_floor": 1.0929582287689625, "plan_configuration": 1.111765378331604, "roof": 1.116911232331278, "secondary_use": 0.6053106267652771, "superestructure": 7.888117066726502}, "datetime": {"datetime": "2021-07-12 07:28:13", "elapsed": 3386.147541, "delta": 0.000282}}
{"target": 0.7402481135695101, "params": {"age": 0.2, "area": 0.4, "count_floors": 1.970556042836, "foundation": 2.4, "geo": 3.5, "ground_floor": 1.1411120856719998, "height": 0.6, "legal_ownership": 0.23249780723800004, "other_floor": 0.858887914328, "plan_configuration": 1.2, "roof": 1.2, "secondary_use": 0.1, "superestructure": 7.911668128508}, "datetime": {"datetime": "2021-07-12 07:56:35", "elapsed": 5088.381868, "delta": 1702.234327}}
{"target": 0.7403760071620412, "params": {"age": 0.2, "area": 0.4, "count_floors": 2.0, "foundation": 2.4, "geo": 3.6987467108570002, "ground_floor": 1.2, "height": 0.6, "legal_ownership": 0.1, "other_floor": 0.8529991228952001, "plan_configuration": 1.2, "roof": 1.2, "secondary_use": 0.1, "superestructure": 8.0}, "datetime": {"datetime": "2021-07-12 08:24:59", "elapsed": 6792.887515, "delta": 1704.505647}}
{"target": 0.7405039007545722, "params": {"age": 0.2, "area": 0.4, "count_floors": 1.97615039469716, "foundation": 2.4, "geo": 3.6035861076528666, "ground_floor": 1.2, "height": 0.6, "legal_ownership": 0.20732322386278004, "other_floor": 0.8980483773561201, "plan_configuration": 1.2, "roof": 1.2, "secondary_use": 0.1, "superestructure": 8.0}, "datetime": {"datetime": "2021-07-12 08:54:38", "elapsed": 8571.158545, "delta": 1778.27103}}
{"target": 0.7403760071620412, "params": {"age": 0.2, "area": 0.4, "count_floors": 1.996422559204574, "foundation": 2.4, "geo": 3.5492241363588652, "ground_floor": 1.2, "height": 0.6, "legal_ownership": 0.11609848357941702, "other_floor": 0.9430976318170401, "plan_configuration": 1.2, "roof": 1.2, "secondary_use": 0.1, "superestructure": 8.0}, "datetime": {"datetime": "2021-07-12 09:24:03", "elapsed": 10336.838759, "delta": 1765.680214}}
{"target": 0.7403760071620412, "params": {"age": 0.2, "area": 0.4, "count_floors": 1.9943953427538326, "foundation": 2.4, "geo": 3.72649914672327, "ground_floor": 1.1613636394093991, "height": 0.6, "legal_ownership": 0.28942549011780677, "other_floor": 0.938592706370948, "plan_configuration": 1.2, "roof": 1.2, "secondary_use": 0.1, "superestructure": 8.0}, "datetime": {"datetime": "2021-07-12 09:52:55", "elapsed": 12068.086414, "delta": 1731.247655}}
{"target": 0.7403760071620412, "params": {"age": 0.2, "area": 0.4, "count_floors": 1.9597299414461546, "foundation": 2.4, "geo": 3.5, "ground_floor": 1.1652272754684592, "height": 0.6, "legal_ownership": 0.2812152634923041, "other_floor": 0.9345382734694653, "plan_configuration": 1.2, "roof": 1.2, "secondary_use": 0.1, "superestructure": 8.0}, "datetime": {"datetime": "2021-07-12 10:22:10", "elapsed": 13823.177062, "delta": 1755.090648}}
{"target": 0.7405039007545722, "params": {"age": 0.2, "area": 0.4, "count_floors": 1.9613719867712551, "foundation": 2.4, "geo": 3.6799135873113356, "ground_floor": 1.2, "height": 0.6, "legal_ownership": 0.2738260595293517, "other_floor": 0.8652074708541094, "plan_configuration": 1.2, "roof": 1.2, "secondary_use": 0.1, "superestructure": 8.0}, "datetime": {"datetime": "2021-07-12 10:51:18", "elapsed": 15571.160038, "delta": 1747.982976}}
{"target": 0.7405039007545722, "params": {"age": 0.19295852328236301, "area": 0.38591704656472603, "count_floors": 1.9894509618304743, "foundation": 2.4, "geo": 3.619298234765269, "ground_floor": 1.2, "height": 0.6, "legal_ownership": 0.26717577596269454, "other_floor": 0.8684915615043105, "plan_configuration": 1.2, "roof": 1.2, "secondary_use": 0.1, "superestructure": 8.0}, "datetime": {"datetime": "2021-07-12 11:20:09", "elapsed": 17302.006133, "delta": 1730.846095}}
{"target": 0.7402481135695101, "params": {"age": 0.2, "area": 0.4, "count_floors": 1.988120905117143, "foundation": 2.4, "geo": 3.6319605342935093, "ground_floor": 1.2, "height": 0.6, "legal_ownership": 0.2611905207527031, "other_floor": 0.8714472430894914, "plan_configuration": 1.2, "roof": 1.2, "secondary_use": 0.1443613033211131, "superestructure": 8.0}, "datetime": {"datetime": "2021-07-12 11:48:38", "elapsed": 19011.480009, "delta": 1709.473876}}
{"target": 0.7399923263844481, "params": {"age": 0.19429640385871405, "area": 0.3885928077174281, "count_floors": 1.9653769353191752, "foundation": 2.4, "geo": 3.636379115543895, "ground_floor": 1.1771856154348561, "height": 0.6, "legal_ownership": 0.19560338478304304, "other_floor": 0.8741073565161543, "plan_configuration": 1.2, "roof": 1.2, "secondary_use": 0.1, "superestructure": 8.0}, "datetime": {"datetime": "2021-07-12 12:17:29", "elapsed": 20742.455599, "delta": 1730.97559}}
{"target": 0.7351323698682695, "params": {"age": 0.1755125397831892, "area": 0.2285432235080944, "count_floors": 1.9542219918755623, "foundation": 2.2853489214610865, "geo": 3.8310439130401317, "ground_floor": 0.9356487986441364, "height": 0.5561534233105337, "legal_ownership": 0.1715225258276129, "other_floor": 1.0414287336517714, "plan_configuration": 0.8826305849374843, "roof": 0.9406104098232999, "secondary_use": 0.6730026317513239, "superestructure": 7.982505040752606}, "datetime": {"datetime": "2021-07-12 23:49:00", "elapsed": 0.0, "delta": 0.0}}
