{"target": 0.737946028903952, "params": {"count_families": 0.02045963672514167, "position": 0.041253319006486024, "surface_condition": 0.049113446117487906}, "datetime": {"datetime": "2021-07-13 05:50:25", "elapsed": 0.0, "delta": 0.0}}
{"target": 0.7375623481263589, "params": {"count_families": 0.009014602169611514, "position": 0.027159565759288563, "surface_condition": 0.024659146733429615}, "datetime": {"datetime": "2021-07-13 06:33:12", "elapsed": 2567.252137, "delta": 2567.252137}}
{"target": 0.7375623481263589, "params": {"count_families": 0.009014602169611514, "position": 0.027159565759288563, "surface_condition": 0.024659146733429615}, "datetime": {"datetime": "2021-07-13 13:24:04", "elapsed": 0.0, "delta": 0.0}}
{"target": 0.7375623481263589, "params": {"count_families": 0.009014602169611514, "position": 0.027159565759288563, "surface_condition": 0.024659146733429615}, "datetime": {"datetime": "2021-07-13 13:24:04", "elapsed": 0.000404, "delta": 0.000404}}
{"target": 0.7374344545338277, "params": {"count_families": 0.018385733085960015, "position": 0.04666253084495425, "surface_condition": 0.0852235923062313}, "datetime": {"datetime": "2021-07-13 14:07:35", "elapsed": 2611.061092, "delta": 2611.060688}}
{"target": 0.7376902417188899, "params": {"count_families": 0.00762779467082218, "position": 0.010870480917756331, "surface_condition": 0.03960237716830556}, "datetime": {"datetime": "2021-07-13 14:51:01", "elapsed": 5216.837064, "delta": 2605.775972}}
{"target": 0.7378181353114209, "params": {"count_families": 0.041732729741211595, "position": 0.05831501111522828, "surface_condition": 0.06640160550611926}, "datetime": {"datetime": "2021-07-13 15:34:15", "elapsed": 7811.248064, "delta": 2594.411}}
{"target": 0.738201816089014, "params": {"count_families": 0.03546012773226359, "position": 0.0642965262332618, "surface_condition": 0.018253358464969515}, "datetime": {"datetime": "2021-07-13 16:17:52", "elapsed": 10427.760438, "delta": 2616.512374}}
{"target": 0.738073922496483, "params": {"count_families": 0.02104243467095672, "position": 0.09072895108789984, "surface_condition": 0.0847663143965732}, "datetime": {"datetime": "2021-07-13 17:01:32", "elapsed": 13047.457118, "delta": 2619.69668}}
{"target": 0.7366670929786419, "params": {"count_families": 0.002065538728074007, "position": 0.062279456955357165, "surface_condition": 0.061338512766503685}, "datetime": {"datetime": "2021-07-13 17:45:25", "elapsed": 15680.832316, "delta": 2633.375198}}
{"target": 0.738457603274076, "params": {"count_families": 0.033047504141432815, "position": 0.09781683440435583, "surface_condition": 0.02942633342549832}, "datetime": {"datetime": "2021-07-13 18:29:31", "elapsed": 18326.536922, "delta": 2645.704606}}
{"target": 0.7390970712367311, "params": {"count_families": 0.025805063269526796, "position": 0.09684727174529291, "surface_condition": 0.03964061550504756}, "datetime": {"datetime": "2021-07-13 19:13:27", "elapsed": 20962.8954, "delta": 2636.358478}}
{"target": 0.7385854968666071, "params": {"count_families": 0.031339354614909005, "position": 0.1, "surface_condition": 0.050713519627091315}, "datetime": {"datetime": "2021-07-13 19:57:06", "elapsed": 23581.449536, "delta": 2618.554136}}
{"target": 0.7378181353114209, "params": {"count_families": 0.01920604566638765, "position": 0.08627262028505207, "surface_condition": 0.036623462927710196}, "datetime": {"datetime": "2021-07-13 20:41:13", "elapsed": 26228.672805, "delta": 2647.223269}}
{"target": 0.739224964829262, "params": {"count_families": 0.02657629264810073, "position": 0.09170008336849686, "surface_condition": 0.0331169514840778}, "datetime": {"datetime": "2021-07-13 21:25:11", "elapsed": 28866.682323, "delta": 2638.009518}}
{"target": 0.7385854968666071, "params": {"count_families": 0.044489023153059616, "position": 0.04204505910893272, "surface_condition": 0.09035810665442427}, "datetime": {"datetime": "2021-07-14 07:07:56", "elapsed": 0.0, "delta": 0.0}}
{"target": 0.7385854968666071, "params": {"count_families": 0.044489023153059616, "position": 0.04204505910893272, "surface_condition": 0.09035810665442427}, "datetime": {"datetime": "2021-07-14 15:49:44", "elapsed": 0.0, "delta": 0.0}}
{"target": 0.7385854968666071, "params": {"count_families": 0.044489023153059616, "position": 0.04204505910893272, "surface_condition": 0.09035810665442427}, "datetime": {"datetime": "2021-07-14 15:49:44", "elapsed": 0.000746, "delta": 0.000746}}
{"target": 0.7355160506458627, "params": {"count_families": 0.0, "position": 0.0, "surface_condition": 0.0}, "datetime": {"datetime": "2021-07-14 16:33:01", "elapsed": 2597.812777, "delta": 2597.812031}}
{"target": 0.7355160506458627, "params": {"count_families": 0.0, "position": 0.0, "surface_condition": 0.0}, "datetime": {"datetime": "2021-07-14 21:52:42", "elapsed": 0.0, "delta": 0.0}}
{"target": 0.7355160506458627, "params": {"count_families": 0.0, "position": 0.0, "surface_condition": 0.0}, "datetime": {"datetime": "2021-07-14 21:52:42", "elapsed": 0.000578, "delta": 0.000578}}
{"target": 0.739224964829262, "params": {"count_families": 0.030609001724801473, "position": 0.08510112443601897, "surface_condition": 0.08428620278974566}, "datetime": {"datetime": "2021-07-14 22:36:51", "elapsed": 2648.568575, "delta": 2648.567997}}
{"target": 0.739224964829262, "params": {"count_families": 0.030609001724801473, "position": 0.08510112443601897, "surface_condition": 0.08428620278974566}, "datetime": {"datetime": "2021-07-15 00:18:05", "elapsed": 0.005184, "delta": 0.000567}}
{"target": 0.737946028903952, "params": {"count_families": 0.03439102314692402, "position": 0.08948860943226758, "surface_condition": 0.039901074621326894}, "datetime": {"datetime": "2021-07-15 01:00:58", "elapsed": 2572.215988, "delta": 2572.210804}}
{"target": 0.7376902417188899, "params": {"count_families": 0.02179549161459811, "position": 0.09894922209154017, "surface_condition": 0.031283620316517546}, "datetime": {"datetime": "2021-07-15 01:43:39", "elapsed": 5133.475394, "delta": 2561.259406}}
{"target": 0.7376902417188899, "params": {"count_families": 0.02179549161459811, "position": 0.09894922209154017, "surface_condition": 0.031283620316517546}, "datetime": {"datetime": "2021-07-15 02:44:15", "elapsed": 0.0, "delta": 0.0}}
{"target": 0.7385854968666071, "params": {"count_families": 0.02978120157190558, "position": 0.09571133519984693, "surface_condition": 0.03638273409360851}, "datetime": {"datetime": "2021-07-15 03:27:34", "elapsed": 2598.864716, "delta": 2598.861957}}
