{"target": 0.7461312188259367, "params": {"count_families": 0.015267011747682059, "position": 0.04266693246664326, "surface_condition": 0.0007013913122800087}, "datetime": {"datetime": "2021-07-13 05:50:42", "elapsed": 0.0, "delta": 0.0}}
{"target": 0.7454917508632818, "params": {"count_families": 0.01527417290487302, "position": 0.06743708372551542, "surface_condition": 0.007603019637287678}, "datetime": {"datetime": "2021-07-13 06:34:28", "elapsed": 2626.08117, "delta": 2626.08117}}
{"target": 0.7454917508632818, "params": {"count_families": 0.01527417290487302, "position": 0.06743708372551542, "surface_condition": 0.007603019637287678}, "datetime": {"datetime": "2021-07-13 13:26:07", "elapsed": 0.0, "delta": 0.0}}
{"target": 0.7454917508632818, "params": {"count_families": 0.01527417290487302, "position": 0.06743708372551542, "surface_condition": 0.007603019637287678}, "datetime": {"datetime": "2021-07-13 13:26:07", "elapsed": 0.000285, "delta": 0.000285}}
{"target": 0.7468985803811228, "params": {"count_families": 0.04302429655131252, "position": 0.08588399023557733, "surface_condition": 0.08414372075067279}, "datetime": {"datetime": "2021-07-13 14:08:22", "elapsed": 2535.29692, "delta": 2535.296635}}
{"target": 0.7439570277529096, "params": {"count_families": 0.0019251738641878125, "position": 0.02995766176972006, "surface_condition": 0.07833817940146795}, "datetime": {"datetime": "2021-07-13 14:50:53", "elapsed": 5086.031692, "delta": 2550.734772}}
{"target": 0.7465148996035299, "params": {"count_families": 0.028952347332616802, "position": 0.0752318373969885, "surface_condition": 0.038116333670068385}, "datetime": {"datetime": "2021-07-13 15:33:09", "elapsed": 7622.177126, "delta": 2536.145434}}
{"target": 0.7466427931960609, "params": {"count_families": 0.03855082172835193, "position": 0.01456932730048709, "surface_condition": 0.03091102876252835}, "datetime": {"datetime": "2021-07-13 16:15:33", "elapsed": 10166.89348, "delta": 2544.716354}}
{"target": 0.7452359636782198, "params": {"count_families": 0.017808951036973997, "position": 0.059041109335806786, "surface_condition": 0.0298766659435762}, "datetime": {"datetime": "2021-07-13 16:58:31", "elapsed": 12744.420044, "delta": 2577.526564}}
{"target": 0.7456196444558129, "params": {"count_families": 0.020071134541048405, "position": 0.08203406787423217, "surface_condition": 0.022543048113605968}, "datetime": {"datetime": "2021-07-13 17:41:10", "elapsed": 15303.904416, "delta": 2559.484372}}
{"target": 0.7467706867885919, "params": {"count_families": 0.028560381894393916, "position": 0.08106224062315838, "surface_condition": 0.07919742643279729}, "datetime": {"datetime": "2021-07-13 18:24:17", "elapsed": 17890.214113, "delta": 2586.309697}}
{"target": 0.7458754316408748, "params": {"count_families": 0.04599055085779415, "position": 0.021876058877940863, "surface_condition": 0.04409216849222173}, "datetime": {"datetime": "2021-07-13 19:07:07", "elapsed": 20460.481617, "delta": 2570.267504}}
{"target": 0.7468985803811228, "params": {"count_families": 0.030609001724801473, "position": 0.08510112443601897, "surface_condition": 0.08428620278974566}, "datetime": {"datetime": "2021-07-13 19:50:05", "elapsed": 23038.259477, "delta": 2577.77786}}
{"target": 0.7456196444558129, "params": {"count_families": 0.03227978971257515, "position": 0.04474185406055639, "surface_condition": 0.05524010287117183}, "datetime": {"datetime": "2021-07-13 20:33:03", "elapsed": 25616.781562, "delta": 2578.522085}}
{"target": 0.7461312188259367, "params": {"count_families": 0.0324612875889684, "position": 0.02590475011119694, "surface_condition": 0.006489595031070306}, "datetime": {"datetime": "2021-07-13 21:16:02", "elapsed": 28195.793541, "delta": 2579.011979}}
{"target": 0.7457475380483438, "params": {"count_families": 0.044489023153059616, "position": 0.04204505910893272, "surface_condition": 0.09035810665442427}, "datetime": {"datetime": "2021-07-14 07:05:20", "elapsed": 0.0, "delta": 0.0}}
{"target": 0.7434454533827857, "params": {"count_families": 0.0, "position": 0.0, "surface_condition": 0.0}, "datetime": {"datetime": "2021-07-14 07:50:21", "elapsed": 2701.02635, "delta": 2701.02635}}
{"target": 0.7434454533827857, "params": {"count_families": 0.0, "position": 0.0, "surface_condition": 0.0}, "datetime": {"datetime": "2021-07-14 07:50:21", "elapsed": 2701.026698, "delta": 0.000348}}
{"target": 0.7461312188259367, "params": {"count_families": 0.030529616599768383, "position": 0.08991297303523907, "surface_condition": 0.011596838297981728}, "datetime": {"datetime": "2021-07-14 08:35:17", "elapsed": 5396.860075, "delta": 2695.833377}}
{"target": 0.7468985803811228, "params": {"count_families": 0.025805063269526796, "position": 0.09684727174529291, "surface_condition": 0.03964061550504756}, "datetime": {"datetime": "2021-07-14 09:20:05", "elapsed": 8084.668201, "delta": 2687.808126}}
{"target": 0.7462591124184679, "params": {"count_families": 0.03803267657300105, "position": 0.1, "surface_condition": 0.06911458979564804}, "datetime": {"datetime": "2021-07-14 10:04:37", "elapsed": 10756.858935, "delta": 2672.189716}}
{"target": 0.747026473973654, "params": {"count_families": 0.04869572750993451, "position": 0.09128369059870081, "surface_condition": 0.09446928878698788}, "datetime": {"datetime": "2021-07-14 10:48:01", "elapsed": 13361.436102, "delta": 2604.577167}}
{"target": 0.7467706867885919, "params": {"count_families": 0.04316958566155291, "position": 0.08592730525359289, "surface_condition": 0.08420548242224747}, "datetime": {"datetime": "2021-07-14 11:32:15", "elapsed": 16014.600773, "delta": 2653.164671}}
{"target": 0.7468985803811228, "params": {"count_families": 0.04800518445442678, "position": 0.09123240452907594, "surface_condition": 0.09626315193968031}, "datetime": {"datetime": "2021-07-14 12:16:06", "elapsed": 18645.851361, "delta": 2631.250588}}
{"target": 0.747026473973654, "params": {"count_families": 0.048999400664853233, "position": 0.09368599149396599, "surface_condition": 0.09535557192844327}, "datetime": {"datetime": "2021-07-14 13:01:30", "elapsed": 21369.863256, "delta": 2724.011895}}
{"target": 0.7466427931960609, "params": {"count_families": 0.04614696226210927, "position": 0.09313809762449443, "surface_condition": 0.09407515725912674}, "datetime": {"datetime": "2021-07-14 13:45:41", "elapsed": 24020.809089, "delta": 2650.945833}}
{"target": 0.7468985803811228, "params": {"count_families": 0.046135595579629755, "position": 0.09318731209868691, "surface_condition": 0.09401355295756744}, "datetime": {"datetime": "2021-07-14 14:30:00", "elapsed": 26679.731898, "delta": 2658.922809}}
{"target": 0.7468985803811228, "params": {"count_families": 0.046109754880733975, "position": 0.09318918955152947, "surface_condition": 0.09337392989758513}, "datetime": {"datetime": "2021-07-14 15:14:11", "elapsed": 29330.958916, "delta": 2651.227018}}
{"target": 0.7468985803811228, "params": {"count_families": 0.046109754880733975, "position": 0.09318918955152947, "surface_condition": 0.09337392989758513}, "datetime": {"datetime": "2021-07-14 15:51:06", "elapsed": 0.0, "delta": 0.0}}
{"target": 0.7468985803811228, "params": {"count_families": 0.046109754880733975, "position": 0.09318918955152947, "surface_condition": 0.09337392989758513}, "datetime": {"datetime": "2021-07-14 15:51:06", "elapsed": 0.000551, "delta": 0.000551}}
{"target": 0.7468985803811228, "params": {"count_families": 0.046109754880733975, "position": 0.09318918955152947, "surface_condition": 0.09337392989758513}, "datetime": {"datetime": "2021-07-14 15:51:06", "elapsed": 0.001006, "delta": 0.000455}}
{"target": 0.7468985803811228, "params": {"count_families": 0.046109754880733975, "position": 0.09318918955152947, "surface_condition": 0.09337392989758513}, "datetime": {"datetime": "2021-07-14 15:51:06", "elapsed": 0.001287, "delta": 0.000281}}
{"target": 0.7468985803811228, "params": {"count_families": 0.046109754880733975, "position": 0.09318918955152947, "surface_condition": 0.09337392989758513}, "datetime": {"datetime": "2021-07-14 15:51:06", "elapsed": 0.001572, "delta": 0.000285}}
{"target": 0.7468985803811228, "params": {"count_families": 0.046109754880733975, "position": 0.09318918955152947, "surface_condition": 0.09337392989758513}, "datetime": {"datetime": "2021-07-14 15:51:06", "elapsed": 0.001847, "delta": 0.000275}}
{"target": 0.7468985803811228, "params": {"count_families": 0.046109754880733975, "position": 0.09318918955152947, "surface_condition": 0.09337392989758513}, "datetime": {"datetime": "2021-07-14 15:51:06", "elapsed": 0.002125, "delta": 0.000278}}
{"target": 0.7468985803811228, "params": {"count_families": 0.046109754880733975, "position": 0.09318918955152947, "surface_condition": 0.09337392989758513}, "datetime": {"datetime": "2021-07-14 15:51:06", "elapsed": 0.002388, "delta": 0.000263}}
{"target": 0.7468985803811228, "params": {"count_families": 0.046109754880733975, "position": 0.09318918955152947, "surface_condition": 0.09337392989758513}, "datetime": {"datetime": "2021-07-14 15:51:06", "elapsed": 0.002665, "delta": 0.000277}}
{"target": 0.7468985803811228, "params": {"count_families": 0.046109754880733975, "position": 0.09318918955152947, "surface_condition": 0.09337392989758513}, "datetime": {"datetime": "2021-07-14 15:51:06", "elapsed": 0.002941, "delta": 0.000276}}
{"target": 0.7465148996035299, "params": {"count_families": 0.04600956743497644, "position": 0.09383714628019313, "surface_condition": 0.09378160784161507}, "datetime": {"datetime": "2021-07-14 16:33:56", "elapsed": 2569.669158, "delta": 2569.666217}}
{"target": 0.7465148996035299, "params": {"count_families": 0.04600956743497644, "position": 0.09383714628019313, "surface_condition": 0.09378160784161507}, "datetime": {"datetime": "2021-07-14 21:56:22", "elapsed": 0.0, "delta": 0.0}}
{"target": 0.7465148996035299, "params": {"count_families": 0.04600956743497644, "position": 0.09383714628019313, "surface_condition": 0.09378160784161507}, "datetime": {"datetime": "2021-07-14 21:56:22", "elapsed": 0.000479, "delta": 0.000479}}
{"target": 0.7465148996035299, "params": {"count_families": 0.04600956743497644, "position": 0.09383714628019313, "surface_condition": 0.09378160784161507}, "datetime": {"datetime": "2021-07-14 21:56:22", "elapsed": 0.00081, "delta": 0.000331}}
{"target": 0.7465148996035299, "params": {"count_families": 0.04600956743497644, "position": 0.09383714628019313, "surface_condition": 0.09378160784161507}, "datetime": {"datetime": "2021-07-14 21:56:22", "elapsed": 0.00112, "delta": 0.00031}}
{"target": 0.7465148996035299, "params": {"count_families": 0.04600956743497644, "position": 0.09383714628019313, "surface_condition": 0.09378160784161507}, "datetime": {"datetime": "2021-07-14 21:56:22", "elapsed": 0.001468, "delta": 0.000348}}
{"target": 0.7465148996035299, "params": {"count_families": 0.04600956743497644, "position": 0.09383714628019313, "surface_condition": 0.09378160784161507}, "datetime": {"datetime": "2021-07-14 21:56:22", "elapsed": 0.001758, "delta": 0.00029}}
{"target": 0.7465148996035299, "params": {"count_families": 0.04600956743497644, "position": 0.09383714628019313, "surface_condition": 0.09378160784161507}, "datetime": {"datetime": "2021-07-14 21:56:22", "elapsed": 0.002913, "delta": 0.001155}}
{"target": 0.7465148996035299, "params": {"count_families": 0.04600956743497644, "position": 0.09383714628019313, "surface_condition": 0.09378160784161507}, "datetime": {"datetime": "2021-07-14 21:56:22", "elapsed": 0.003265, "delta": 0.000352}}
{"target": 0.7465148996035299, "params": {"count_families": 0.04600956743497644, "position": 0.09383714628019313, "surface_condition": 0.09378160784161507}, "datetime": {"datetime": "2021-07-14 21:56:22", "elapsed": 0.004105, "delta": 0.00084}}
{"target": 0.7465148996035299, "params": {"count_families": 0.04600956743497644, "position": 0.09383714628019313, "surface_condition": 0.09378160784161507}, "datetime": {"datetime": "2021-07-14 21:56:22", "elapsed": 0.004451, "delta": 0.000346}}
{"target": 0.747282261158716, "params": {"count_families": 0.04808698357414681, "position": 0.0916696828073314, "surface_condition": 0.09468056890565897}, "datetime": {"datetime": "2021-07-14 22:39:23", "elapsed": 2580.681961, "delta": 2580.67751}}
{"target": 0.7468985803811228, "params": {"count_families": 0.04832768281513701, "position": 0.0913459160808054, "surface_condition": 0.09528740103754432}, "datetime": {"datetime": "2021-07-14 23:22:26", "elapsed": 5163.254484, "delta": 2582.572523}}
