{"target": 0.7458754316408748, "params": {"count_families": 0.04111763706605619, "position": 0.0857494064467042, "surface_condition": 0.04295028700306735}, "datetime": {"datetime": "2021-07-13 20:20:19", "elapsed": 0.0, "delta": 0.0}}
{"target": 0.7454917508632818, "params": {"count_families": 0.04286123195422976, "position": 0.08758944908864191, "surface_condition": 0.027134685707955054}, "datetime": {"datetime": "2021-07-13 21:04:41", "elapsed": 2661.610761, "delta": 2661.610761}}
{"target": 0.7460033252334058, "params": {"count_families": 0.007189892979772439, "position": 0.05978835550189511, "surface_condition": 0.036221194857059234}, "datetime": {"datetime": "2021-07-13 21:49:12", "elapsed": 5333.083555, "delta": 2671.472794}}
{"target": 0.7457475380483438, "params": {"count_families": 0.017820152994206983, "position": 0.08101712136865992, "surface_condition": 0.06424611539755112}, "datetime": {"datetime": "2021-07-13 22:33:19", "elapsed": 7980.442814, "delta": 2647.359259}}
{"target": 0.7453638572707506, "params": {"count_families": 0.029004589191738747, "position": 0.028340228249070277, "surface_condition": 0.029781213258649422}, "datetime": {"datetime": "2021-07-13 23:17:23", "elapsed": 10623.856881, "delta": 2643.414067}}
{"target": 0.7460033252334058, "params": {"count_families": 0.030529616599768383, "position": 0.08991297303523907, "surface_condition": 0.011596838297981728}, "datetime": {"datetime": "2021-07-14 00:01:39", "elapsed": 13279.959331, "delta": 2656.10245}}
{"target": 0.7447243893080958, "params": {"count_families": 0.044489023153059616, "position": 0.04204505910893272, "surface_condition": 0.09035810665442427}, "datetime": {"datetime": "2021-07-14 07:00:43", "elapsed": 0.0, "delta": 0.0}}
{"target": 0.7447243893080958, "params": {"count_families": 0.044489023153059616, "position": 0.04204505910893272, "surface_condition": 0.09035810665442427}, "datetime": {"datetime": "2021-07-14 13:32:57", "elapsed": 0.0, "delta": 0.0}}
{"target": 0.7439570277529096, "params": {"count_families": 0.0, "position": 0.0, "surface_condition": 0.0}, "datetime": {"datetime": "2021-07-14 14:16:31", "elapsed": 2613.895737, "delta": 2613.895737}}
{"target": 0.7458754316408748, "params": {"count_families": 0.030609001724801473, "position": 0.08510112443601897, "surface_condition": 0.08428620278974566}, "datetime": {"datetime": "2021-07-14 15:00:20", "elapsed": 5242.951554, "delta": 2629.055817}}
{"target": 0.7463870060109988, "params": {"count_families": 0.025805063269526796, "position": 0.09684727174529291, "surface_condition": 0.03964061550504756}, "datetime": {"datetime": "2021-07-14 15:44:05", "elapsed": 7867.329566, "delta": 2624.378012}}
{"target": 0.7458754316408748, "params": {"count_families": 0.03471977779910353, "position": 0.03292147935933022, "surface_condition": 0.04369803554217966}, "datetime": {"datetime": "2021-07-14 16:27:44", "elapsed": 10486.323623, "delta": 2618.992922}}
{"target": 0.7458754316408748, "params": {"count_families": 0.03471977779910353, "position": 0.03292147935933022, "surface_condition": 0.04369803554217966}, "datetime": {"datetime": "2021-07-14 21:54:15", "elapsed": 0.0, "delta": 0.0}}
{"target": 0.7458754316408748, "params": {"count_families": 0.03471977779910353, "position": 0.03292147935933022, "surface_condition": 0.04369803554217966}, "datetime": {"datetime": "2021-07-14 21:54:15", "elapsed": 0.000417, "delta": 0.000417}}
{"target": 0.7458754316408748, "params": {"count_families": 0.03471977779910353, "position": 0.03292147935933022, "surface_condition": 0.04369803554217966}, "datetime": {"datetime": "2021-07-14 21:54:15", "elapsed": 0.001823, "delta": 0.001406}}
{"target": 0.7458754316408748, "params": {"count_families": 0.03471977779910353, "position": 0.03292147935933022, "surface_condition": 0.04369803554217966}, "datetime": {"datetime": "2021-07-14 21:54:15", "elapsed": 0.002112, "delta": 0.000289}}
{"target": 0.7458754316408748, "params": {"count_families": 0.03471977779910353, "position": 0.03292147935933022, "surface_condition": 0.04369803554217966}, "datetime": {"datetime": "2021-07-14 21:54:15", "elapsed": 0.002968, "delta": 0.000856}}
{"target": 0.7458754316408748, "params": {"count_families": 0.03471977779910353, "position": 0.03292147935933022, "surface_condition": 0.04369803554217966}, "datetime": {"datetime": "2021-07-14 21:54:15", "elapsed": 0.003231, "delta": 0.000263}}
{"target": 0.7458754316408748, "params": {"count_families": 0.03471977779910353, "position": 0.03292147935933022, "surface_condition": 0.04369803554217966}, "datetime": {"datetime": "2021-07-14 21:54:15", "elapsed": 0.00348, "delta": 0.000249}}
{"target": 0.7458754316408748, "params": {"count_families": 0.03471977779910353, "position": 0.03292147935933022, "surface_condition": 0.04369803554217966}, "datetime": {"datetime": "2021-07-14 21:54:15", "elapsed": 0.003689, "delta": 0.000209}}
{"target": 0.7458754316408748, "params": {"count_families": 0.03471977779910353, "position": 0.03292147935933022, "surface_condition": 0.04369803554217966}, "datetime": {"datetime": "2021-07-14 21:54:15", "elapsed": 0.003847, "delta": 0.000158}}
{"target": 0.7458754316408748, "params": {"count_families": 0.03471977779910353, "position": 0.03292147935933022, "surface_condition": 0.04369803554217966}, "datetime": {"datetime": "2021-07-14 21:54:15", "elapsed": 0.003989, "delta": 0.000142}}
{"target": 0.7458754316408748, "params": {"count_families": 0.03471977779910353, "position": 0.03292147935933022, "surface_condition": 0.04369803554217966}, "datetime": {"datetime": "2021-07-14 21:54:15", "elapsed": 0.004126, "delta": 0.000137}}
{"target": 0.7458754316408748, "params": {"count_families": 0.03471977779910353, "position": 0.03292147935933022, "surface_condition": 0.04369803554217966}, "datetime": {"datetime": "2021-07-14 21:54:15", "elapsed": 0.00426, "delta": 0.000134}}
{"target": 0.7461312188259367, "params": {"count_families": 0.02668080889619716, "position": 0.05099184762614181, "surface_condition": 0.04067482505778374}, "datetime": {"datetime": "2021-07-14 22:39:33", "elapsed": 2718.602714, "delta": 2718.598454}}
{"target": 0.7461312188259367, "params": {"count_families": 0.02668080889619716, "position": 0.05099184762614181, "surface_condition": 0.04067482505778374}, "datetime": {"datetime": "2021-07-15 00:04:26", "elapsed": 0.0, "delta": 0.0}}
{"target": 0.7458754316408748, "params": {"count_families": 0.025521690097245028, "position": 0.015862290554755267, "surface_condition": 0.03475338958342155}, "datetime": {"datetime": "2021-07-15 00:47:12", "elapsed": 2566.506989, "delta": 2566.500102}}
{"target": 0.7458754316408748, "params": {"count_families": 0.025521690097245028, "position": 0.015862290554755267, "surface_condition": 0.03475338958342155}, "datetime": {"datetime": "2021-07-15 02:43:48", "elapsed": 0.0, "delta": 0.0}}
{"target": 0.7462591124184679, "params": {"count_families": 0.025862610698619726, "position": 0.0748603392816143, "surface_condition": 0.07342863708576812}, "datetime": {"datetime": "2021-07-15 03:29:15", "elapsed": 2726.748634, "delta": 2726.745619}}
