{"target": 0.7348630189548, "params": {"max_a_borrar": 0.0}, "datetime": {"datetime": "2021-07-19 06:01:50", "elapsed": 0.0, "delta": 0.0}}
{"target": 0.7680147340956182, "params": {"max_a_borrar": 0.5001}, "datetime": {"datetime": "2021-07-19 06:54:04", "elapsed": 3134.676433, "delta": 3134.676433}}
{"target": 0.754738700023022, "params": {"max_a_borrar": 0.1655848770100322}, "datetime": {"datetime": "2021-07-19 07:59:05", "elapsed": 7035.667336, "delta": 3900.990903}}
{"target": 0.7682449543396515, "params": {"max_a_borrar": 0.47274782004779353}, "datetime": {"datetime": "2021-07-19 08:52:54", "elapsed": 10264.201802, "delta": 3228.534466}}
{"target": 0.7683984345023406, "params": {"max_a_borrar": 0.4597328612556555}, "datetime": {"datetime": "2021-07-19 09:46:31", "elapsed": 13480.945824, "delta": 3216.744022}}
{"target": 0.7675542936075512, "params": {"max_a_borrar": 0.44611607467711684}, "datetime": {"datetime": "2021-07-19 10:41:44", "elapsed": 16793.980331, "delta": 3313.034507}}
{"target": 0.7683984345023406, "params": {"max_a_borrar": 0.4597492261889403}, "datetime": {"datetime": "2021-07-19 11:35:35", "elapsed": 20025.60753, "delta": 3231.627199}}
{"target": 0.7682449543396515, "params": {"max_a_borrar": 0.46484287737453445}, "datetime": {"datetime": "2021-07-19 12:30:32", "elapsed": 23322.693998, "delta": 3297.086468}}
{"target": 0.7681682142583071, "params": {"max_a_borrar": 0.4548986463756629}, "datetime": {"datetime": "2021-07-19 13:25:54", "elapsed": 26644.26874, "delta": 3321.574742}}
{"target": 0.7642544701097385, "params": {"max_a_borrar": 0.35}, "datetime": {"datetime": "2021-07-19 14:25:16", "elapsed": 0.0, "delta": 0.0}}
