{"target": 0.7486053340444817, "params": {"iterations": 300.0}, "datetime": {"datetime": "2021-07-23 19:26:41", "elapsed": 0.0, "delta": 0.0}}
{"target": 0.743890182032168, "params": {"iterations": 150.48979175680586}, "datetime": {"datetime": "2021-07-23 19:49:22", "elapsed": 1360.67087, "delta": 1360.67087}}
{"target": 0.7482328907739044, "params": {"iterations": 266.2515803150985}, "datetime": {"datetime": "2021-07-23 21:29:26", "elapsed": 7364.390636, "delta": 6003.719766}}
{"target": 0.7423167826903428, "params": {"iterations": 119.62282256867368}, "datetime": {"datetime": "2021-07-23 21:47:50", "elapsed": 8468.216473, "delta": 1103.825837}}
{"target": 0.7457609660338412, "params": {"iterations": 185.12530474868262}, "datetime": {"datetime": "2021-07-23 22:16:09", "elapsed": 10167.500967, "delta": 1699.284494}}
{"target": 0.7484854959869478, "params": {"iterations": 280.69376361112137}, "datetime": {"datetime": "2021-07-24 00:22:02", "elapsed": 0.0, "delta": 0.0}}
{"target": 0.7470766605557692, "params": {"iterations": 214.57142062662933}, "datetime": {"datetime": "2021-07-24 02:59:24", "elapsed": 0.0, "delta": 0.0}}
